<?xml version="1.0" encoding="UTF-8"?>
<testsuites name="Second Test Suite" time="255.174" tests="10" failures="0" errors="0">
   <testsuite name="Second Test Suite" tests="10" failures="0" errors="0" time="255.174" skipped="0" timestamp="2023-09-25 11:49:09" hostname="sachin.gajbhiye - ZIL591.mshome.net" id="Test Suites/Second Test Suite">
      <properties>
         <property name="deviceName" value=""/>
         <property name="devicePlatform" value=""/>
         <property name="logFolder" value="C:\\Users\\sachin.gajbhiye\\git\\Katalon-Practice\\Reports\\20230925_114901\\Second Test Suite\\20230925_114903"/>
         <property name="logFiles" value="C:\\Users\\sachin.gajbhiye\\git\\Katalon-Practice\\Reports\\20230925_114901\\Second Test Suite\\20230925_114903\\execution0.log"/>
         <property name="attachments" value=""/>
         <property name="hostName" value="sachin.gajbhiye - ZIL591.mshome.net"/>
         <property name="os" value="Windows 10 64bit"/>
         <property name="katalonVersion" value="8.6.8.208"/>
         <property name="browser" value="Chrome 116.0.0.0"/>
         <property name="hostAddress" value="172.19.128.1"/>
         <property name="sessionId" value="390b5a7e7aadb628454aaf365e0c62dc"/>
         <property name="seleniumVersion" value="3.141.59"/>
         <property name="proxyInformation" value="ProxyInformation { proxyOption=NO_PROXY, proxyServerType=HTTP, username=, password=********, proxyServerAddress=, proxyServerPort=0, executionList=&quot;&quot;, isApplyToDesiredCapabilities=true }"/>
         <property name="platform" value="Windows 10"/>
      </properties>
      <testcase name="Test Cases/Part1/TestCase01" time="12.318" classname="Test Cases/Part1/TestCase01" status="PASSED">
         <system-out><![CDATA[2023-09-25 11:49:09 - [TEST_CASE][PASSED] - Test Cases/Part1/TestCase01: Test Cases/Part1/TestCase01

2023-09-25 11:49:10 - [TEST_STEP][PASSED] - openBrowser(""): Browser is opened with url: ''

2023-09-25 11:49:10 - [MESSAGE][INFO] - Starting 'Chrome' driver

2023-09-25 11:49:10 - [MESSAGE][INFO] - Action delay is set to 0 milliseconds

2023-09-25 11:49:12 - [MESSAGE][PASSED] - Browser is opened with url: ''

2023-09-25 11:49:12 - [TEST_STEP][PASSED] - navigateToUrl("https://www.google.com/"): Navigate to 'https://www.google.com/' successfully

2023-09-25 11:49:18 - [MESSAGE][PASSED] - Navigate to 'https://www.google.com/' successfully

2023-09-25 11:49:18 - [TEST_STEP][PASSED] - rightClick(findTestObject("Object Repository/Page_Google/img_Sign in_lnXdpd")): Object: 'Object Repository/Page_Google/img_Sign in_lnXdpd' is right clicked on

2023-09-25 11:49:18 - [MESSAGE][PASSED] - Object: 'Object Repository/Page_Google/img_Sign in_lnXdpd' is right clicked on

2023-09-25 11:49:18 - [TEST_STEP][PASSED] - click(findTestObject("Object Repository/Page_Google/button_Stay signed out")): Object: 'Object Repository/Page_Google/button_Stay signed out' is clicked on

2023-09-25 11:49:19 - [MESSAGE][PASSED] - Object: 'Object Repository/Page_Google/button_Stay signed out' is clicked on

2023-09-25 11:49:19 - [TEST_STEP][PASSED] - rightClick(findTestObject("Object Repository/Page_Google/input_Delete_btnK")): Object: 'Object Repository/Page_Google/input_Delete_btnK' is right clicked on

2023-09-25 11:49:20 - [MESSAGE][PASSED] - Object: 'Object Repository/Page_Google/input_Delete_btnK' is right clicked on

2023-09-25 11:49:20 - [TEST_STEP][PASSED] - verifyElementText(findTestObject("Object Repository/Page_Google/input_Delete_btnK"), ""): Actual text and expected text of test object 'Object Repository/Page_Google/input_Delete_btnK' are matched.

2023-09-25 11:49:20 - [MESSAGE][PASSED] - Actual text and expected text of test object 'Object Repository/Page_Google/input_Delete_btnK' are matched.

2023-09-25 11:49:20 - [TEST_STEP][PASSED] - setText(findTestObject("Object Repository/Page_Google/textarea__q"), "jnj"): Text 'jnj' is set on object 'Object Repository/Page_Google/textarea__q'

2023-09-25 11:49:21 - [MESSAGE][PASSED] - Text 'jnj' is set on object 'Object Repository/Page_Google/textarea__q'

2023-09-25 11:49:21 - [TEST_STEP][PASSED] - closeBrowser(): Browser is closed

2023-09-25 11:49:22 - [MESSAGE][PASSED] - Browser is closed]]></system-out>
         <system-err><![CDATA[]]></system-err>
      </testcase>
      <testcase name="Test Cases/Part1/TestCase02" time="75.23" classname="Test Cases/Part1/TestCase02" status="PASSED">
         <system-out><![CDATA[2023-09-25 11:49:22 - [TEST_CASE][PASSED] - Test Cases/Part1/TestCase02: Test Cases/Part1/TestCase02

2023-09-25 11:49:22 - [TEST_STEP][PASSED] - openBrowser(""): Browser is opened with url: ''

2023-09-25 11:49:22 - [MESSAGE][INFO] - Starting 'Chrome' driver

2023-09-25 11:49:22 - [MESSAGE][INFO] - Action delay is set to 0 milliseconds

2023-09-25 11:49:24 - [MESSAGE][PASSED] - Browser is opened with url: ''

2023-09-25 11:49:24 - [TEST_STEP][PASSED] - maximizeWindow(): Current window maximized

2023-09-25 11:49:24 - [MESSAGE][PASSED] - Current window maximized

2023-09-25 11:49:24 - [TEST_STEP][PASSED] - navigateToUrl("https://www.google.com/"): Navigate to 'https://www.google.com/' successfully

2023-09-25 11:49:30 - [MESSAGE][PASSED] - Navigate to 'https://www.google.com/' successfully

2023-09-25 11:49:30 - [TEST_STEP][PASSED] - rightClick(findTestObject("Object Repository/Page_Google/textarea__q")): Object: 'Object Repository/Page_Google/textarea__q' is right clicked on

2023-09-25 11:49:30 - [MESSAGE][PASSED] - Object: 'Object Repository/Page_Google/textarea__q' is right clicked on

2023-09-25 11:49:30 - [TEST_STEP][PASSED] - verifyElementPresent(findTestObject("Object Repository/Page_Google/textarea__q"), 0): Object 'Object Repository/Page_Google/textarea__q' is present

2023-09-25 11:49:30 - [MESSAGE][WARNING] - Timeout '0' is invalid. Using default page load timeout: '30'

2023-09-25 11:49:31 - [MESSAGE][PASSED] - Object 'Object Repository/Page_Google/textarea__q' is present

2023-09-25 11:49:31 - [TEST_STEP][PASSED] - setText(findTestObject("Object Repository/Page_Google/textarea__q"), "translator"): Text 'translator' is set on object 'Object Repository/Page_Google/textarea__q'

2023-09-25 11:49:31 - [MESSAGE][PASSED] - Text 'translator' is set on object 'Object Repository/Page_Google/textarea__q'

2023-09-25 11:49:31 - [TEST_STEP][PASSED] - sendKeys(findTestObject("Object Repository/Page_Google/textarea__q"), Keys.chord(ENTER)): Keys 'ENTER + ' sent to object: 'Object Repository/Page_Google/textarea__q'

2023-09-25 11:49:33 - [MESSAGE][PASSED] - Keys 'ENTER + ' sent to object: 'Object Repository/Page_Google/textarea__q'

2023-09-25 11:49:33 - [TEST_STEP][PASSED] - scrollToElement(findTestObject("Object Repository/Page_translator - Google Search/h3_Google Translate"), 0): Scroll to object 'Object Repository/Page_translator - Google Search/h3_Google Translate' successfully

2023-09-25 11:49:33 - [MESSAGE][WARNING] - Timeout '0' is invalid. Using default page load timeout: '30'

2023-09-25 11:50:04 - [MESSAGE][INFO] - Unable to find the element located by 'By.xpath: //div[@id='rso']/div[2]/div/div/div/div/div/div/div/div/div/span/a/h3'. Please recheck the objects properties to make sure the desired element is located. 

2023-09-25 11:50:04 - [MESSAGE][WARNING] - [SELF-HEALING] Failed to find element with id 'Object Repository/Page_translator - Google Search/h3_Google Translate'. Try using Self-healing.

2023-09-25 11:50:04 - [MESSAGE][WARNING] - [SELF-HEALING] The current locator of test object 'Object Repository/Page_translator - Google Search/h3_Google Translate' was broken. Propose an alternative one: '(.//*[normalize-space(text()) and normalize-space(.)='Web result with site links'])[1]/following::h3[1]'.

2023-09-25 11:50:05 - [MESSAGE][PASSED] - Scroll to object 'Object Repository/Page_translator - Google Search/h3_Google Translate' successfully

2023-09-25 11:50:05 - [TEST_STEP][PASSED] - verifyElementVisible(findTestObject("Object Repository/Page_translator - Google Search/h3_Google Translate")): Object 'Object Repository/Page_translator - Google Search/h3_Google Translate' is visible

2023-09-25 11:50:36 - [MESSAGE][INFO] - Unable to find the element located by 'By.xpath: //div[@id='rso']/div[2]/div/div/div/div/div/div/div/div/div/span/a/h3'. Please recheck the objects properties to make sure the desired element is located. 

2023-09-25 11:50:36 - [MESSAGE][WARNING] - [SELF-HEALING] Failed to find element with id 'Object Repository/Page_translator - Google Search/h3_Google Translate'. Try using Self-healing.

2023-09-25 11:50:36 - [MESSAGE][WARNING] - [SELF-HEALING] The current locator of test object 'Object Repository/Page_translator - Google Search/h3_Google Translate' was broken. Propose an alternative one: '(.//*[normalize-space(text()) and normalize-space(.)='Web result with site links'])[1]/following::h3[1]'.

2023-09-25 11:50:36 - [MESSAGE][PASSED] - Object 'Object Repository/Page_translator - Google Search/h3_Google Translate' is visible

2023-09-25 11:50:36 - [TEST_STEP][PASSED] - closeBrowser(): Browser is closed

2023-09-25 11:50:37 - [MESSAGE][PASSED] - Browser is closed]]></system-out>
         <system-err><![CDATA[]]></system-err>
      </testcase>
      <testcase name="Test Cases/Part1/TestCase03" time="24.598" classname="Test Cases/Part1/TestCase03" status="PASSED">
         <system-out><![CDATA[2023-09-25 11:50:37 - [TEST_CASE][PASSED] - Test Cases/Part1/TestCase03: Test Cases/Part1/TestCase03

2023-09-25 11:50:37 - [TEST_STEP][PASSED] - openBrowser(""): Browser is opened with url: ''

2023-09-25 11:50:37 - [MESSAGE][INFO] - Starting 'Chrome' driver

2023-09-25 11:50:37 - [MESSAGE][INFO] - Action delay is set to 0 milliseconds

2023-09-25 11:50:39 - [MESSAGE][PASSED] - Browser is opened with url: ''

2023-09-25 11:50:39 - [TEST_STEP][PASSED] - maximizeWindow(): Current window maximized

2023-09-25 11:50:39 - [MESSAGE][PASSED] - Current window maximized

2023-09-25 11:50:39 - [TEST_STEP][PASSED] - navigateToUrl("https://www.google.com/"): Navigate to 'https://www.google.com/' successfully

2023-09-25 11:50:45 - [MESSAGE][PASSED] - Navigate to 'https://www.google.com/' successfully

2023-09-25 11:50:45 - [TEST_STEP][PASSED] - setText(findTestObject("Object Repository/Page_Google/textarea__q"), "www.gmail.com"): Text 'www.gmail.com' is set on object 'Object Repository/Page_Google/textarea__q'

2023-09-25 11:50:46 - [MESSAGE][PASSED] - Text 'www.gmail.com' is set on object 'Object Repository/Page_Google/textarea__q'

2023-09-25 11:50:46 - [TEST_STEP][PASSED] - sendKeys(findTestObject("Object Repository/Page_Google/textarea__q"), Keys.chord(ENTER)): Keys 'ENTER + ' sent to object: 'Object Repository/Page_Google/textarea__q'

2023-09-25 11:50:47 - [MESSAGE][PASSED] - Keys 'ENTER + ' sent to object: 'Object Repository/Page_Google/textarea__q'

2023-09-25 11:50:47 - [TEST_STEP][PASSED] - click(findTestObject("Object Repository/Page_www.gmail.com - Google Search/h3_Email - Gmail - Google")): Object: 'Object Repository/Page_www.gmail.com - Google Search/h3_Email - Gmail - Google' is clicked on

2023-09-25 11:51:01 - [MESSAGE][PASSED] - Object: 'Object Repository/Page_www.gmail.com - Google Search/h3_Email - Gmail - Google' is clicked on

2023-09-25 11:51:01 - [TEST_STEP][PASSED] - verifyElementVisible(findTestObject("Object Repository/Page_Gmail Private and secure email at no c_d3ebd8/span_Create an account")): Object 'Object Repository/Page_Gmail Private and secure email at no c_d3ebd8/span_Create an account' is visible

2023-09-25 11:51:01 - [MESSAGE][PASSED] - Object 'Object Repository/Page_Gmail Private and secure email at no c_d3ebd8/span_Create an account' is visible

2023-09-25 11:51:01 - [TEST_STEP][PASSED] - closeBrowser(): Browser is closed

2023-09-25 11:51:02 - [MESSAGE][PASSED] - Browser is closed]]></system-out>
         <system-err><![CDATA[]]></system-err>
      </testcase>
      <testcase name="Test Cases/Part1/TestCase04" time="16.81" classname="Test Cases/Part1/TestCase04" status="PASSED">
         <system-out><![CDATA[2023-09-25 11:51:02 - [TEST_CASE][PASSED] - Test Cases/Part1/TestCase04: Test Cases/Part1/TestCase04

2023-09-25 11:51:02 - [TEST_STEP][PASSED] - openBrowser(""): Browser is opened with url: ''

2023-09-25 11:51:02 - [MESSAGE][INFO] - Starting 'Chrome' driver

2023-09-25 11:51:02 - [MESSAGE][INFO] - Action delay is set to 0 milliseconds

2023-09-25 11:51:03 - [MESSAGE][PASSED] - Browser is opened with url: ''

2023-09-25 11:51:03 - [TEST_STEP][PASSED] - navigateToUrl("https://www.google.com/"): Navigate to 'https://www.google.com/' successfully

2023-09-25 11:51:09 - [MESSAGE][PASSED] - Navigate to 'https://www.google.com/' successfully

2023-09-25 11:51:09 - [TEST_STEP][PASSED] - setText(findTestObject("Object Repository/Page_Google/textarea__q"), "facebook.com"): Text 'facebook.com' is set on object 'Object Repository/Page_Google/textarea__q'

2023-09-25 11:51:10 - [MESSAGE][PASSED] - Text 'facebook.com' is set on object 'Object Repository/Page_Google/textarea__q'

2023-09-25 11:51:10 - [TEST_STEP][PASSED] - sendKeys(findTestObject("Page_Google/textarea__q"), Keys.chord(ENTER)): Keys 'ENTER + ' sent to object: 'Object Repository/Page_Google/textarea__q'

2023-09-25 11:51:11 - [MESSAGE][PASSED] - Keys 'ENTER + ' sent to object: 'Object Repository/Page_Google/textarea__q'

2023-09-25 11:51:12 - [TEST_STEP][PASSED] - click(findTestObject("Object Repository/Page_facebook.com - Google Search/h3_Facebook - log in or sign up")): Object: 'Object Repository/Page_facebook.com - Google Search/h3_Facebook - log in or sign up' is clicked on

2023-09-25 11:51:18 - [MESSAGE][PASSED] - Object: 'Object Repository/Page_facebook.com - Google Search/h3_Facebook - log in or sign up' is clicked on

2023-09-25 11:51:18 - [TEST_STEP][PASSED] - closeBrowser(): Browser is closed

2023-09-25 11:51:18 - [MESSAGE][PASSED] - Browser is closed]]></system-out>
         <system-err><![CDATA[]]></system-err>
      </testcase>
      <testcase name="Test Cases/Part1/TestCase05" time="28.462" classname="Test Cases/Part1/TestCase05" status="PASSED">
         <system-out><![CDATA[2023-09-25 11:51:18 - [TEST_CASE][PASSED] - Test Cases/Part1/TestCase05: Test Cases/Part1/TestCase05

2023-09-25 11:51:19 - [TEST_STEP][PASSED] - openBrowser(""): Browser is opened with url: ''

2023-09-25 11:51:19 - [MESSAGE][INFO] - Starting 'Chrome' driver

2023-09-25 11:51:19 - [MESSAGE][INFO] - Action delay is set to 0 milliseconds

2023-09-25 11:51:20 - [MESSAGE][PASSED] - Browser is opened with url: ''

2023-09-25 11:51:20 - [TEST_STEP][PASSED] - maximizeWindow(): Current window maximized

2023-09-25 11:51:20 - [MESSAGE][PASSED] - Current window maximized

2023-09-25 11:51:20 - [TEST_STEP][PASSED] - navigateToUrl("https://www.google.com/"): Navigate to 'https://www.google.com/' successfully

2023-09-25 11:51:26 - [MESSAGE][PASSED] - Navigate to 'https://www.google.com/' successfully

2023-09-25 11:51:26 - [TEST_STEP][PASSED] - setText(findTestObject("Object Repository/Page_Google/textarea__q"), "hackerrank"): Text 'hackerrank' is set on object 'Object Repository/Page_Google/textarea__q'

2023-09-25 11:51:27 - [MESSAGE][PASSED] - Text 'hackerrank' is set on object 'Object Repository/Page_Google/textarea__q'

2023-09-25 11:51:27 - [TEST_STEP][PASSED] - sendKeys(findTestObject("Page_Google/textarea__q"), Keys.chord(ENTER)): Keys 'ENTER + ' sent to object: 'Object Repository/Page_Google/textarea__q'

2023-09-25 11:51:28 - [MESSAGE][PASSED] - Keys 'ENTER + ' sent to object: 'Object Repository/Page_Google/textarea__q'

2023-09-25 11:51:28 - [TEST_STEP][PASSED] - click(findTestObject("Object Repository/Page_hackerrank - Google Search/h3_HackerRank - Online Coding Tests and Tec_2dee1e")): Object: 'Object Repository/Page_hackerrank - Google Search/h3_HackerRank - Online Coding Tests and Tec_2dee1e' is clicked on

2023-09-25 11:51:45 - [MESSAGE][PASSED] - Object: 'Object Repository/Page_hackerrank - Google Search/h3_HackerRank - Online Coding Tests and Tec_2dee1e' is clicked on

2023-09-25 11:51:45 - [TEST_STEP][PASSED] - rightClick(findTestObject("Object Repository/Page_HackerRank - Online Coding Tests and T_423249/a_Sign up")): Object: 'Object Repository/Page_HackerRank - Online Coding Tests and T_423249/a_Sign up' is right clicked on

2023-09-25 11:51:46 - [MESSAGE][PASSED] - Object: 'Object Repository/Page_HackerRank - Online Coding Tests and T_423249/a_Sign up' is right clicked on

2023-09-25 11:51:46 - [TEST_STEP][PASSED] - verifyElementVisible(findTestObject("Object Repository/Page_HackerRank - Online Coding Tests and T_423249/a_Sign up")): Object 'Object Repository/Page_HackerRank - Online Coding Tests and T_423249/a_Sign up' is visible

2023-09-25 11:51:46 - [MESSAGE][PASSED] - Object 'Object Repository/Page_HackerRank - Online Coding Tests and T_423249/a_Sign up' is visible

2023-09-25 11:51:46 - [TEST_STEP][PASSED] - closeBrowser(): Browser is closed

2023-09-25 11:51:47 - [MESSAGE][PASSED] - Browser is closed]]></system-out>
         <system-err><![CDATA[]]></system-err>
      </testcase>
      <testcase name="Test Cases/Part1/TestCase06" time="61.635" classname="Test Cases/Part1/TestCase06" status="PASSED">
         <system-out><![CDATA[2023-09-25 11:51:47 - [TEST_CASE][PASSED] - Test Cases/Part1/TestCase06: Test Cases/Part1/TestCase06

2023-09-25 11:51:47 - [TEST_STEP][PASSED] - openBrowser(""): Browser is opened with url: ''

2023-09-25 11:51:47 - [MESSAGE][INFO] - Starting 'Chrome' driver

2023-09-25 11:51:47 - [MESSAGE][INFO] - Action delay is set to 0 milliseconds

2023-09-25 11:51:49 - [MESSAGE][PASSED] - Browser is opened with url: ''

2023-09-25 11:51:49 - [TEST_STEP][PASSED] - maximizeWindow(): Current window maximized

2023-09-25 11:51:49 - [MESSAGE][PASSED] - Current window maximized

2023-09-25 11:51:49 - [TEST_STEP][PASSED] - navigateToUrl("https://www.google.com/"): Navigate to 'https://www.google.com/' successfully

2023-09-25 11:51:55 - [MESSAGE][PASSED] - Navigate to 'https://www.google.com/' successfully

2023-09-25 11:51:55 - [TEST_STEP][PASSED] - setText(findTestObject("Object Repository/Page_Google/textarea__q"), "katalon"): Text 'katalon' is set on object 'Object Repository/Page_Google/textarea__q'

2023-09-25 11:51:56 - [MESSAGE][PASSED] - Text 'katalon' is set on object 'Object Repository/Page_Google/textarea__q'

2023-09-25 11:51:56 - [TEST_STEP][PASSED] - sendKeys(findTestObject("Page_Google/textarea__q"), Keys.chord(ENTER)): Keys 'ENTER + ' sent to object: 'Object Repository/Page_Google/textarea__q'

2023-09-25 11:51:57 - [MESSAGE][PASSED] - Keys 'ENTER + ' sent to object: 'Object Repository/Page_Google/textarea__q'

2023-09-25 11:51:57 - [TEST_STEP][PASSED] - click(findTestObject("Object Repository/Page_katalon - Google Search/span_Katalon Studio - 1 Software Testing Tool")): Object: 'Object Repository/Page_katalon - Google Search/span_Katalon Studio - 1 Software Testing Tool' is clicked on

2023-09-25 11:52:47 - [MESSAGE][PASSED] - Object: 'Object Repository/Page_katalon - Google Search/span_Katalon Studio - 1 Software Testing Tool' is clicked on

2023-09-25 11:52:47 - [TEST_STEP][PASSED] - click(findTestObject("Object Repository/Page_Katalon AI-augmented Software Quality _596167/button_Accept All Cookies")): Object: 'Object Repository/Page_Katalon AI-augmented Software Quality _596167/button_Accept All Cookies' is clicked on

2023-09-25 11:52:47 - [MESSAGE][PASSED] - Object: 'Object Repository/Page_Katalon AI-augmented Software Quality _596167/button_Accept All Cookies' is clicked on

2023-09-25 11:52:47 - [TEST_STEP][PASSED] - verifyElementPresent(findTestObject("Object Repository/Page_Katalon AI-augmented Software Quality _596167/a_Start free trial"), 0): Object 'Object Repository/Page_Katalon AI-augmented Software Quality _596167/a_Start free trial' is present

2023-09-25 11:52:47 - [MESSAGE][WARNING] - Timeout '0' is invalid. Using default page load timeout: '30'

2023-09-25 11:52:48 - [MESSAGE][PASSED] - Object 'Object Repository/Page_Katalon AI-augmented Software Quality _596167/a_Start free trial' is present

2023-09-25 11:52:48 - [TEST_STEP][PASSED] - closeBrowser(): Browser is closed

2023-09-25 11:52:49 - [MESSAGE][PASSED] - Browser is closed]]></system-out>
         <system-err><![CDATA[]]></system-err>
      </testcase>
      <testcase name="Test Cases/Part1/TestCase07" time="11.511" classname="Test Cases/Part1/TestCase07" status="PASSED">
         <system-out><![CDATA[2023-09-25 11:52:49 - [TEST_CASE][PASSED] - Test Cases/Part1/TestCase07: Test Cases/Part1/TestCase07

2023-09-25 11:52:49 - [TEST_STEP][PASSED] - openBrowser(""): Browser is opened with url: ''

2023-09-25 11:52:49 - [MESSAGE][INFO] - Starting 'Chrome' driver

2023-09-25 11:52:49 - [MESSAGE][INFO] - Action delay is set to 0 milliseconds

2023-09-25 11:52:50 - [MESSAGE][PASSED] - Browser is opened with url: ''

2023-09-25 11:52:50 - [TEST_STEP][PASSED] - maximizeWindow(): Current window maximized

2023-09-25 11:52:50 - [MESSAGE][PASSED] - Current window maximized

2023-09-25 11:52:50 - [TEST_STEP][PASSED] - navigateToUrl("https://www.google.com/"): Navigate to 'https://www.google.com/' successfully

2023-09-25 11:52:57 - [MESSAGE][PASSED] - Navigate to 'https://www.google.com/' successfully

2023-09-25 11:52:57 - [TEST_STEP][PASSED] - setText(findTestObject("Object Repository/Page_Google/textarea__q"), "eulers"): Text 'eulers' is set on object 'Object Repository/Page_Google/textarea__q'

2023-09-25 11:52:58 - [MESSAGE][PASSED] - Text 'eulers' is set on object 'Object Repository/Page_Google/textarea__q'

2023-09-25 11:52:58 - [TEST_STEP][PASSED] - sendKeys(findTestObject("Page_Google/textarea__q"), Keys.chord(ENTER)): Keys 'ENTER + ' sent to object: 'Object Repository/Page_Google/textarea__q'

2023-09-25 11:52:59 - [MESSAGE][PASSED] - Keys 'ENTER + ' sent to object: 'Object Repository/Page_Google/textarea__q'

2023-09-25 11:52:59 - [TEST_STEP][PASSED] - closeBrowser(): Browser is closed

2023-09-25 11:53:00 - [MESSAGE][PASSED] - Browser is closed]]></system-out>
         <system-err><![CDATA[]]></system-err>
      </testcase>
      <testcase name="Test Cases/Part1/TestCase08" time="6.796" classname="Test Cases/Part1/TestCase08" status="PASSED">
         <system-out><![CDATA[2023-09-25 11:53:00 - [TEST_CASE][PASSED] - Test Cases/Part1/TestCase08: Test Cases/Part1/TestCase08

2023-09-25 11:53:01 - [TEST_STEP][PASSED] - openBrowser(""): Browser is opened with url: ''

2023-09-25 11:53:01 - [MESSAGE][INFO] - Starting 'Chrome' driver

2023-09-25 11:53:01 - [MESSAGE][INFO] - Action delay is set to 0 milliseconds

2023-09-25 11:53:02 - [MESSAGE][PASSED] - Browser is opened with url: ''

2023-09-25 11:53:02 - [TEST_STEP][PASSED] - maximizeWindow(): Current window maximized

2023-09-25 11:53:02 - [MESSAGE][PASSED] - Current window maximized

2023-09-25 11:53:02 - [TEST_STEP][PASSED] - navigateToUrl("https://projecteuler.net/"): Navigate to 'https://projecteuler.net/' successfully

2023-09-25 11:53:04 - [MESSAGE][PASSED] - Navigate to 'https://projecteuler.net/' successfully

2023-09-25 11:53:04 - [TEST_STEP][PASSED] - click(findTestObject("Object Repository/Page_About - Project Euler/a_Sign In")): Object: 'Object Repository/Page_About - Project Euler/a_Sign In' is clicked on

2023-09-25 11:53:06 - [MESSAGE][PASSED] - Object: 'Object Repository/Page_About - Project Euler/a_Sign In' is clicked on

2023-09-25 11:53:06 - [TEST_STEP][PASSED] - verifyElementVisible(findTestObject("Object Repository/Page_Sign In - Project Euler/input_Remember Me_sign_in")): Object 'Object Repository/Page_Sign In - Project Euler/input_Remember Me_sign_in' is visible

2023-09-25 11:53:06 - [MESSAGE][PASSED] - Object 'Object Repository/Page_Sign In - Project Euler/input_Remember Me_sign_in' is visible

2023-09-25 11:53:06 - [TEST_STEP][PASSED] - closeBrowser(): Browser is closed

2023-09-25 11:53:07 - [MESSAGE][PASSED] - Browser is closed]]></system-out>
         <system-err><![CDATA[]]></system-err>
      </testcase>
      <testcase name="Test Cases/Part1/TestCase09" time="7.711" classname="Test Cases/Part1/TestCase09" status="PASSED">
         <system-out><![CDATA[2023-09-25 11:53:07 - [TEST_CASE][PASSED] - Test Cases/Part1/TestCase09: Test Cases/Part1/TestCase09

2023-09-25 11:53:07 - [TEST_STEP][PASSED] - openBrowser(""): Browser is opened with url: ''

2023-09-25 11:53:07 - [MESSAGE][INFO] - Starting 'Chrome' driver

2023-09-25 11:53:07 - [MESSAGE][INFO] - Action delay is set to 0 milliseconds

2023-09-25 11:53:09 - [MESSAGE][PASSED] - Browser is opened with url: ''

2023-09-25 11:53:09 - [TEST_STEP][PASSED] - maximizeWindow(): Current window maximized

2023-09-25 11:53:09 - [MESSAGE][PASSED] - Current window maximized

2023-09-25 11:53:09 - [TEST_STEP][PASSED] - navigateToUrl("https://www.wikipedia.org/"): Navigate to 'https://www.wikipedia.org/' successfully

2023-09-25 11:53:13 - [MESSAGE][PASSED] - Navigate to 'https://www.wikipedia.org/' successfully

2023-09-25 11:53:13 - [TEST_STEP][PASSED] - rightClick(findTestObject("Object Repository/Page_Wikipedia/input_Search Wikipedia_search")): Object: 'Object Repository/Page_Wikipedia/input_Search Wikipedia_search' is right clicked on

2023-09-25 11:53:14 - [MESSAGE][PASSED] - Object: 'Object Repository/Page_Wikipedia/input_Search Wikipedia_search' is right clicked on

2023-09-25 11:53:14 - [TEST_STEP][PASSED] - verifyElementVisible(findTestObject("Object Repository/Page_Wikipedia/input_Search Wikipedia_search")): Object 'Object Repository/Page_Wikipedia/input_Search Wikipedia_search' is visible

2023-09-25 11:53:14 - [MESSAGE][PASSED] - Object 'Object Repository/Page_Wikipedia/input_Search Wikipedia_search' is visible

2023-09-25 11:53:14 - [TEST_STEP][PASSED] - closeBrowser(): Browser is closed

2023-09-25 11:53:15 - [MESSAGE][PASSED] - Browser is closed]]></system-out>
         <system-err><![CDATA[]]></system-err>
      </testcase>
      <testcase name="Test Cases/Part1/TestCase10" time="9.715" classname="Test Cases/Part1/TestCase10" status="PASSED">
         <system-out><![CDATA[2023-09-25 11:53:15 - [TEST_CASE][PASSED] - Test Cases/Part1/TestCase10: Test Cases/Part1/TestCase10

2023-09-25 11:53:15 - [TEST_STEP][PASSED] - openBrowser(""): Browser is opened with url: ''

2023-09-25 11:53:15 - [MESSAGE][INFO] - Starting 'Chrome' driver

2023-09-25 11:53:15 - [MESSAGE][INFO] - Action delay is set to 0 milliseconds

2023-09-25 11:53:16 - [MESSAGE][PASSED] - Browser is opened with url: ''

2023-09-25 11:53:16 - [TEST_STEP][PASSED] - maximizeWindow(): Current window maximized

2023-09-25 11:53:16 - [MESSAGE][PASSED] - Current window maximized

2023-09-25 11:53:16 - [TEST_STEP][PASSED] - navigateToUrl("https://www.wikipedia.org/"): Navigate to 'https://www.wikipedia.org/' successfully

2023-09-25 11:53:18 - [MESSAGE][PASSED] - Navigate to 'https://www.wikipedia.org/' successfully

2023-09-25 11:53:18 - [TEST_STEP][PASSED] - click(findTestObject("Object Repository/Page_Wikipedia/strong_English")): Object: 'Object Repository/Page_Wikipedia/strong_English' is clicked on

2023-09-25 11:53:23 - [MESSAGE][PASSED] - Object: 'Object Repository/Page_Wikipedia/strong_English' is clicked on

2023-09-25 11:53:23 - [TEST_STEP][PASSED] - scrollToElement(findTestObject("Object Repository/Page_Wikipedia, the free encyclopedia/a_Wikipedia"), 0): Scroll to object 'Object Repository/Page_Wikipedia, the free encyclopedia/a_Wikipedia' successfully

2023-09-25 11:53:23 - [MESSAGE][WARNING] - Timeout '0' is invalid. Using default page load timeout: '30'

2023-09-25 11:53:23 - [MESSAGE][PASSED] - Scroll to object 'Object Repository/Page_Wikipedia, the free encyclopedia/a_Wikipedia' successfully

2023-09-25 11:53:23 - [TEST_STEP][PASSED] - verifyElementPresent(findTestObject("Object Repository/Page_Wikipedia, the free encyclopedia/a_Wikipedia"), 0): Object 'Object Repository/Page_Wikipedia, the free encyclopedia/a_Wikipedia' is present

2023-09-25 11:53:23 - [MESSAGE][WARNING] - Timeout '0' is invalid. Using default page load timeout: '30'

2023-09-25 11:53:24 - [MESSAGE][PASSED] - Object 'Object Repository/Page_Wikipedia, the free encyclopedia/a_Wikipedia' is present

2023-09-25 11:53:24 - [TEST_STEP][PASSED] - closeBrowser(): Browser is closed

2023-09-25 11:53:24 - [MESSAGE][PASSED] - Browser is closed]]></system-out>
         <system-err><![CDATA[]]></system-err>
      </testcase>
      <system-out><![CDATA[2023-09-25 11:49:09 - [TEST_SUITE][PASSED] - Second Test Suite: Test Cases/Part1/TestCase10]]></system-out>
      <system-err><![CDATA[]]></system-err>
   </testsuite>
</testsuites>
