<?xml version="1.0" encoding="UTF-8"?>
<testsuites name="Third Test Suite Collection" time="156.938" tests="10" failures="0" errors="0">
   <testsuite name="Second Test Suite" tests="10" failures="0" errors="0" time="140.978" skipped="0" timestamp="2023-09-25 16:19:10" hostname="sachin.gajbhiye - ZIL591.mshome.net" id="Test Suites/Second Test Suite">
      <properties>
         <property name="deviceName" value=""/>
         <property name="devicePlatform" value=""/>
         <property name="logFolder" value="C:\\Users\\sachin.gajbhiye\\git\\Katalon-Practice\\Reports\\20230925_161851\\Second Test Suite\\20230925_161900"/>
         <property name="logFiles" value="C:\\Users\\sachin.gajbhiye\\git\\Katalon-Practice\\Reports\\20230925_161851\\Second Test Suite\\20230925_161900\\execution0.log"/>
         <property name="attachments" value=""/>
         <property name="hostName" value="sachin.gajbhiye - ZIL591.mshome.net"/>
         <property name="os" value="Windows 10 64bit"/>
         <property name="katalonVersion" value="8.6.8.208"/>
         <property name="browser" value="Chrome 116.0.0.0"/>
         <property name="hostAddress" value="172.19.128.1"/>
         <property name="sessionId" value="d4e1ffffa060b2ca3bcb82b4dc194243"/>
         <property name="seleniumVersion" value="3.141.59"/>
         <property name="proxyInformation" value="ProxyInformation { proxyOption=NO_PROXY, proxyServerType=HTTP, username=, password=********, proxyServerAddress=, proxyServerPort=0, executionList=&quot;&quot;, isApplyToDesiredCapabilities=true }"/>
         <property name="platform" value="Windows 10"/>
      </properties>
      <testcase name="Test Cases/Part1/TestCase01" time="11.877" classname="Test Cases/Part1/TestCase01" status="PASSED">
         <system-out><![CDATA[2023-09-25 16:19:11 - [TEST_CASE][PASSED] - Test Cases/Part1/TestCase01: Test Cases/Part1/TestCase01

2023-09-25 16:19:11 - [TEST_STEP][PASSED] - openBrowser(""): Browser is opened with url: ''

2023-09-25 16:19:11 - [MESSAGE][INFO] - Starting 'Chrome' driver

2023-09-25 16:19:11 - [MESSAGE][INFO] - Action delay is set to 0 milliseconds

2023-09-25 16:19:13 - [MESSAGE][PASSED] - Browser is opened with url: ''

2023-09-25 16:19:13 - [TEST_STEP][PASSED] - navigateToUrl("https://www.google.com/"): Navigate to 'https://www.google.com/' successfully

2023-09-25 16:19:19 - [MESSAGE][PASSED] - Navigate to 'https://www.google.com/' successfully

2023-09-25 16:19:19 - [TEST_STEP][PASSED] - rightClick(findTestObject("Object Repository/Page_Google/img_Sign in_lnXdpd")): Object: 'Object Repository/Page_Google/img_Sign in_lnXdpd' is right clicked on

2023-09-25 16:19:19 - [MESSAGE][PASSED] - Object: 'Object Repository/Page_Google/img_Sign in_lnXdpd' is right clicked on

2023-09-25 16:19:19 - [TEST_STEP][PASSED] - click(findTestObject("Object Repository/Page_Google/button_Stay signed out")): Object: 'Object Repository/Page_Google/button_Stay signed out' is clicked on

2023-09-25 16:19:20 - [MESSAGE][PASSED] - Object: 'Object Repository/Page_Google/button_Stay signed out' is clicked on

2023-09-25 16:19:20 - [TEST_STEP][PASSED] - rightClick(findTestObject("Object Repository/Page_Google/input_Delete_btnK")): Object: 'Object Repository/Page_Google/input_Delete_btnK' is right clicked on

2023-09-25 16:19:21 - [MESSAGE][PASSED] - Object: 'Object Repository/Page_Google/input_Delete_btnK' is right clicked on

2023-09-25 16:19:21 - [TEST_STEP][PASSED] - verifyElementText(findTestObject("Object Repository/Page_Google/input_Delete_btnK"), ""): Actual text and expected text of test object 'Object Repository/Page_Google/input_Delete_btnK' are matched.

2023-09-25 16:19:21 - [MESSAGE][PASSED] - Actual text and expected text of test object 'Object Repository/Page_Google/input_Delete_btnK' are matched.

2023-09-25 16:19:21 - [TEST_STEP][PASSED] - setText(findTestObject("Object Repository/Page_Google/textarea__q"), "jnj"): Text 'jnj' is set on object 'Object Repository/Page_Google/textarea__q'

2023-09-25 16:19:22 - [MESSAGE][PASSED] - Text 'jnj' is set on object 'Object Repository/Page_Google/textarea__q'

2023-09-25 16:19:22 - [TEST_STEP][PASSED] - closeBrowser(): Browser is closed

2023-09-25 16:19:22 - [MESSAGE][PASSED] - Browser is closed]]></system-out>
         <system-err><![CDATA[]]></system-err>
      </testcase>
      <testcase name="Test Cases/Part1/TestCase02" time="17.608" classname="Test Cases/Part1/TestCase02" status="PASSED">
         <system-out><![CDATA[2023-09-25 16:19:23 - [TEST_CASE][PASSED] - Test Cases/Part1/TestCase02: Test Cases/Part1/TestCase02

2023-09-25 16:19:23 - [TEST_STEP][PASSED] - openBrowser(""): Browser is opened with url: ''

2023-09-25 16:19:23 - [MESSAGE][INFO] - Starting 'Chrome' driver

2023-09-25 16:19:23 - [MESSAGE][INFO] - Action delay is set to 0 milliseconds

2023-09-25 16:19:24 - [MESSAGE][PASSED] - Browser is opened with url: ''

2023-09-25 16:19:24 - [TEST_STEP][PASSED] - maximizeWindow(): Current window maximized

2023-09-25 16:19:24 - [MESSAGE][PASSED] - Current window maximized

2023-09-25 16:19:24 - [TEST_STEP][PASSED] - navigateToUrl("https://www.google.com/"): Navigate to 'https://www.google.com/' successfully

2023-09-25 16:19:32 - [MESSAGE][PASSED] - Navigate to 'https://www.google.com/' successfully

2023-09-25 16:19:32 - [TEST_STEP][PASSED] - rightClick(findTestObject("Object Repository/Page_Google/textarea__q")): Object: 'Object Repository/Page_Google/textarea__q' is right clicked on

2023-09-25 16:19:32 - [MESSAGE][PASSED] - Object: 'Object Repository/Page_Google/textarea__q' is right clicked on

2023-09-25 16:19:32 - [TEST_STEP][PASSED] - verifyElementPresent(findTestObject("Object Repository/Page_Google/textarea__q"), 0): Object 'Object Repository/Page_Google/textarea__q' is present

2023-09-25 16:19:32 - [MESSAGE][WARNING] - Timeout '0' is invalid. Using default page load timeout: '30'

2023-09-25 16:19:32 - [MESSAGE][PASSED] - Object 'Object Repository/Page_Google/textarea__q' is present

2023-09-25 16:19:32 - [TEST_STEP][PASSED] - setText(findTestObject("Object Repository/Page_Google/textarea__q"), "translator"): Text 'translator' is set on object 'Object Repository/Page_Google/textarea__q'

2023-09-25 16:19:33 - [MESSAGE][PASSED] - Text 'translator' is set on object 'Object Repository/Page_Google/textarea__q'

2023-09-25 16:19:33 - [TEST_STEP][PASSED] - sendKeys(findTestObject("Object Repository/Page_Google/textarea__q"), Keys.chord(ENTER)): Keys 'ENTER + ' sent to object: 'Object Repository/Page_Google/textarea__q'

2023-09-25 16:19:34 - [MESSAGE][PASSED] - Keys 'ENTER + ' sent to object: 'Object Repository/Page_Google/textarea__q'

2023-09-25 16:19:34 - [TEST_STEP][PASSED] - scrollToElement(findTestObject("Object Repository/Page_translator - Google Search/h3_Google Translate"), 0): Scroll to object 'Object Repository/Page_translator - Google Search/h3_Google Translate' successfully

2023-09-25 16:19:34 - [MESSAGE][WARNING] - Timeout '0' is invalid. Using default page load timeout: '30'

2023-09-25 16:19:39 - [MESSAGE][PASSED] - Scroll to object 'Object Repository/Page_translator - Google Search/h3_Google Translate' successfully

2023-09-25 16:19:39 - [TEST_STEP][PASSED] - verifyElementVisible(findTestObject("Object Repository/Page_translator - Google Search/h3_Google Translate")): Object 'Object Repository/Page_translator - Google Search/h3_Google Translate' is visible

2023-09-25 16:19:39 - [MESSAGE][PASSED] - Object 'Object Repository/Page_translator - Google Search/h3_Google Translate' is visible

2023-09-25 16:19:39 - [TEST_STEP][PASSED] - closeBrowser(): Browser is closed

2023-09-25 16:19:40 - [MESSAGE][PASSED] - Browser is closed]]></system-out>
         <system-err><![CDATA[]]></system-err>
      </testcase>
      <testcase name="Test Cases/Part1/TestCase03" time="25.947" classname="Test Cases/Part1/TestCase03" status="PASSED">
         <system-out><![CDATA[2023-09-25 16:19:40 - [TEST_CASE][PASSED] - Test Cases/Part1/TestCase03: Test Cases/Part1/TestCase03

2023-09-25 16:19:40 - [TEST_STEP][PASSED] - openBrowser(""): Browser is opened with url: ''

2023-09-25 16:19:40 - [MESSAGE][INFO] - Starting 'Chrome' driver

2023-09-25 16:19:40 - [MESSAGE][INFO] - Action delay is set to 0 milliseconds

2023-09-25 16:19:42 - [MESSAGE][PASSED] - Browser is opened with url: ''

2023-09-25 16:19:42 - [TEST_STEP][PASSED] - maximizeWindow(): Current window maximized

2023-09-25 16:19:42 - [MESSAGE][PASSED] - Current window maximized

2023-09-25 16:19:42 - [TEST_STEP][PASSED] - navigateToUrl("https://www.google.com/"): Navigate to 'https://www.google.com/' successfully

2023-09-25 16:19:49 - [MESSAGE][PASSED] - Navigate to 'https://www.google.com/' successfully

2023-09-25 16:19:49 - [TEST_STEP][PASSED] - setText(findTestObject("Object Repository/Page_Google/textarea__q"), "www.gmail.com"): Text 'www.gmail.com' is set on object 'Object Repository/Page_Google/textarea__q'

2023-09-25 16:19:50 - [MESSAGE][PASSED] - Text 'www.gmail.com' is set on object 'Object Repository/Page_Google/textarea__q'

2023-09-25 16:19:50 - [TEST_STEP][PASSED] - sendKeys(findTestObject("Object Repository/Page_Google/textarea__q"), Keys.chord(ENTER)): Keys 'ENTER + ' sent to object: 'Object Repository/Page_Google/textarea__q'

2023-09-25 16:19:51 - [MESSAGE][PASSED] - Keys 'ENTER + ' sent to object: 'Object Repository/Page_Google/textarea__q'

2023-09-25 16:19:51 - [TEST_STEP][PASSED] - click(findTestObject("Object Repository/Page_www.gmail.com - Google Search/h3_Email - Gmail - Google")): Object: 'Object Repository/Page_www.gmail.com - Google Search/h3_Email - Gmail - Google' is clicked on

2023-09-25 16:20:05 - [MESSAGE][PASSED] - Object: 'Object Repository/Page_www.gmail.com - Google Search/h3_Email - Gmail - Google' is clicked on

2023-09-25 16:20:05 - [TEST_STEP][PASSED] - verifyElementVisible(findTestObject("Object Repository/Page_Gmail Private and secure email at no c_d3ebd8/span_Create an account")): Object 'Object Repository/Page_Gmail Private and secure email at no c_d3ebd8/span_Create an account' is visible

2023-09-25 16:20:05 - [MESSAGE][PASSED] - Object 'Object Repository/Page_Gmail Private and secure email at no c_d3ebd8/span_Create an account' is visible

2023-09-25 16:20:05 - [TEST_STEP][PASSED] - closeBrowser(): Browser is closed

2023-09-25 16:20:06 - [MESSAGE][PASSED] - Browser is closed]]></system-out>
         <system-err><![CDATA[]]></system-err>
      </testcase>
      <testcase name="Test Cases/Part1/TestCase04" time="11.248" classname="Test Cases/Part1/TestCase04" status="PASSED">
         <system-out><![CDATA[2023-09-25 16:20:06 - [TEST_CASE][PASSED] - Test Cases/Part1/TestCase04: Test Cases/Part1/TestCase04

2023-09-25 16:20:06 - [TEST_STEP][PASSED] - openBrowser(""): Browser is opened with url: ''

2023-09-25 16:20:06 - [MESSAGE][INFO] - Starting 'Chrome' driver

2023-09-25 16:20:06 - [MESSAGE][INFO] - Action delay is set to 0 milliseconds

2023-09-25 16:20:08 - [MESSAGE][PASSED] - Browser is opened with url: ''

2023-09-25 16:20:08 - [TEST_STEP][PASSED] - navigateToUrl("https://www.google.com/"): Navigate to 'https://www.google.com/' successfully

2023-09-25 16:20:12 - [MESSAGE][PASSED] - Navigate to 'https://www.google.com/' successfully

2023-09-25 16:20:12 - [TEST_STEP][PASSED] - setText(findTestObject("Object Repository/Page_Google/textarea__q"), "facebook.com"): Text 'facebook.com' is set on object 'Object Repository/Page_Google/textarea__q'

2023-09-25 16:20:13 - [MESSAGE][PASSED] - Text 'facebook.com' is set on object 'Object Repository/Page_Google/textarea__q'

2023-09-25 16:20:13 - [TEST_STEP][PASSED] - sendKeys(findTestObject("Page_Google/textarea__q"), Keys.chord(ENTER)): Keys 'ENTER + ' sent to object: 'Object Repository/Page_Google/textarea__q'

2023-09-25 16:20:14 - [MESSAGE][PASSED] - Keys 'ENTER + ' sent to object: 'Object Repository/Page_Google/textarea__q'

2023-09-25 16:20:14 - [TEST_STEP][PASSED] - click(findTestObject("Object Repository/Page_facebook.com - Google Search/h3_Facebook - log in or sign up")): Object: 'Object Repository/Page_facebook.com - Google Search/h3_Facebook - log in or sign up' is clicked on

2023-09-25 16:20:17 - [MESSAGE][PASSED] - Object: 'Object Repository/Page_facebook.com - Google Search/h3_Facebook - log in or sign up' is clicked on

2023-09-25 16:20:17 - [TEST_STEP][PASSED] - closeBrowser(): Browser is closed

2023-09-25 16:20:17 - [MESSAGE][PASSED] - Browser is closed]]></system-out>
         <system-err><![CDATA[]]></system-err>
      </testcase>
      <testcase name="Test Cases/Part1/TestCase05" time="18.546" classname="Test Cases/Part1/TestCase05" status="PASSED">
         <system-out><![CDATA[2023-09-25 16:20:17 - [TEST_CASE][PASSED] - Test Cases/Part1/TestCase05: Test Cases/Part1/TestCase05

2023-09-25 16:20:18 - [TEST_STEP][PASSED] - openBrowser(""): Browser is opened with url: ''

2023-09-25 16:20:18 - [MESSAGE][INFO] - Starting 'Chrome' driver

2023-09-25 16:20:18 - [MESSAGE][INFO] - Action delay is set to 0 milliseconds

2023-09-25 16:20:19 - [MESSAGE][PASSED] - Browser is opened with url: ''

2023-09-25 16:20:19 - [TEST_STEP][PASSED] - maximizeWindow(): Current window maximized

2023-09-25 16:20:19 - [MESSAGE][PASSED] - Current window maximized

2023-09-25 16:20:19 - [TEST_STEP][PASSED] - navigateToUrl("https://www.google.com/"): Navigate to 'https://www.google.com/' successfully

2023-09-25 16:20:23 - [MESSAGE][PASSED] - Navigate to 'https://www.google.com/' successfully

2023-09-25 16:20:23 - [TEST_STEP][PASSED] - setText(findTestObject("Object Repository/Page_Google/textarea__q"), "hackerrank"): Text 'hackerrank' is set on object 'Object Repository/Page_Google/textarea__q'

2023-09-25 16:20:24 - [MESSAGE][PASSED] - Text 'hackerrank' is set on object 'Object Repository/Page_Google/textarea__q'

2023-09-25 16:20:24 - [TEST_STEP][PASSED] - sendKeys(findTestObject("Page_Google/textarea__q"), Keys.chord(ENTER)): Keys 'ENTER + ' sent to object: 'Object Repository/Page_Google/textarea__q'

2023-09-25 16:20:25 - [MESSAGE][PASSED] - Keys 'ENTER + ' sent to object: 'Object Repository/Page_Google/textarea__q'

2023-09-25 16:20:25 - [TEST_STEP][PASSED] - click(findTestObject("Object Repository/Page_hackerrank - Google Search/h3_HackerRank - Online Coding Tests and Tec_2dee1e")): Object: 'Object Repository/Page_hackerrank - Google Search/h3_HackerRank - Online Coding Tests and Tec_2dee1e' is clicked on

2023-09-25 16:20:33 - [MESSAGE][PASSED] - Object: 'Object Repository/Page_hackerrank - Google Search/h3_HackerRank - Online Coding Tests and Tec_2dee1e' is clicked on

2023-09-25 16:20:33 - [TEST_STEP][PASSED] - rightClick(findTestObject("Object Repository/Page_HackerRank - Online Coding Tests and T_423249/a_Sign up")): Object: 'Object Repository/Page_HackerRank - Online Coding Tests and T_423249/a_Sign up' is right clicked on

2023-09-25 16:20:35 - [MESSAGE][PASSED] - Object: 'Object Repository/Page_HackerRank - Online Coding Tests and T_423249/a_Sign up' is right clicked on

2023-09-25 16:20:35 - [TEST_STEP][PASSED] - verifyElementVisible(findTestObject("Object Repository/Page_HackerRank - Online Coding Tests and T_423249/a_Sign up")): Object 'Object Repository/Page_HackerRank - Online Coding Tests and T_423249/a_Sign up' is visible

2023-09-25 16:20:35 - [MESSAGE][PASSED] - Object 'Object Repository/Page_HackerRank - Online Coding Tests and T_423249/a_Sign up' is visible

2023-09-25 16:20:35 - [TEST_STEP][PASSED] - closeBrowser(): Browser is closed

2023-09-25 16:20:36 - [MESSAGE][PASSED] - Browser is closed]]></system-out>
         <system-err><![CDATA[]]></system-err>
      </testcase>
      <testcase name="Test Cases/Part1/TestCase06" time="25.777" classname="Test Cases/Part1/TestCase06" status="PASSED">
         <system-out><![CDATA[2023-09-25 16:20:36 - [TEST_CASE][PASSED] - Test Cases/Part1/TestCase06: Test Cases/Part1/TestCase06

2023-09-25 16:20:36 - [TEST_STEP][PASSED] - openBrowser(""): Browser is opened with url: ''

2023-09-25 16:20:36 - [MESSAGE][INFO] - Starting 'Chrome' driver

2023-09-25 16:20:36 - [MESSAGE][INFO] - Action delay is set to 0 milliseconds

2023-09-25 16:20:38 - [MESSAGE][PASSED] - Browser is opened with url: ''

2023-09-25 16:20:38 - [TEST_STEP][PASSED] - maximizeWindow(): Current window maximized

2023-09-25 16:20:38 - [MESSAGE][PASSED] - Current window maximized

2023-09-25 16:20:38 - [TEST_STEP][PASSED] - navigateToUrl("https://www.google.com/"): Navigate to 'https://www.google.com/' successfully

2023-09-25 16:20:42 - [MESSAGE][PASSED] - Navigate to 'https://www.google.com/' successfully

2023-09-25 16:20:42 - [TEST_STEP][PASSED] - setText(findTestObject("Object Repository/Page_Google/textarea__q"), "katalon"): Text 'katalon' is set on object 'Object Repository/Page_Google/textarea__q'

2023-09-25 16:20:43 - [MESSAGE][PASSED] - Text 'katalon' is set on object 'Object Repository/Page_Google/textarea__q'

2023-09-25 16:20:43 - [TEST_STEP][PASSED] - sendKeys(findTestObject("Page_Google/textarea__q"), Keys.chord(ENTER)): Keys 'ENTER + ' sent to object: 'Object Repository/Page_Google/textarea__q'

2023-09-25 16:20:44 - [MESSAGE][PASSED] - Keys 'ENTER + ' sent to object: 'Object Repository/Page_Google/textarea__q'

2023-09-25 16:20:44 - [TEST_STEP][PASSED] - click(findTestObject("Object Repository/Page_katalon - Google Search/span_Katalon Studio - 1 Software Testing Tool")): Object: 'Object Repository/Page_katalon - Google Search/span_Katalon Studio - 1 Software Testing Tool' is clicked on

2023-09-25 16:21:00 - [MESSAGE][PASSED] - Object: 'Object Repository/Page_katalon - Google Search/span_Katalon Studio - 1 Software Testing Tool' is clicked on

2023-09-25 16:21:00 - [TEST_STEP][PASSED] - click(findTestObject("Object Repository/Page_Katalon AI-augmented Software Quality _596167/button_Accept All Cookies")): Object: 'Object Repository/Page_Katalon AI-augmented Software Quality _596167/button_Accept All Cookies' is clicked on

2023-09-25 16:21:00 - [MESSAGE][PASSED] - Object: 'Object Repository/Page_Katalon AI-augmented Software Quality _596167/button_Accept All Cookies' is clicked on

2023-09-25 16:21:00 - [TEST_STEP][PASSED] - verifyElementPresent(findTestObject("Object Repository/Page_Katalon AI-augmented Software Quality _596167/a_Start free trial"), 0): Object 'Object Repository/Page_Katalon AI-augmented Software Quality _596167/a_Start free trial' is present

2023-09-25 16:21:00 - [MESSAGE][WARNING] - Timeout '0' is invalid. Using default page load timeout: '30'

2023-09-25 16:21:01 - [MESSAGE][PASSED] - Object 'Object Repository/Page_Katalon AI-augmented Software Quality _596167/a_Start free trial' is present

2023-09-25 16:21:01 - [TEST_STEP][PASSED] - closeBrowser(): Browser is closed

2023-09-25 16:21:02 - [MESSAGE][PASSED] - Browser is closed]]></system-out>
         <system-err><![CDATA[]]></system-err>
      </testcase>
      <testcase name="Test Cases/Part1/TestCase07" time="8.856" classname="Test Cases/Part1/TestCase07" status="PASSED">
         <system-out><![CDATA[2023-09-25 16:21:02 - [TEST_CASE][PASSED] - Test Cases/Part1/TestCase07: Test Cases/Part1/TestCase07

2023-09-25 16:21:02 - [TEST_STEP][PASSED] - openBrowser(""): Browser is opened with url: ''

2023-09-25 16:21:02 - [MESSAGE][INFO] - Starting 'Chrome' driver

2023-09-25 16:21:02 - [MESSAGE][INFO] - Action delay is set to 0 milliseconds

2023-09-25 16:21:03 - [MESSAGE][PASSED] - Browser is opened with url: ''

2023-09-25 16:21:03 - [TEST_STEP][PASSED] - maximizeWindow(): Current window maximized

2023-09-25 16:21:03 - [MESSAGE][PASSED] - Current window maximized

2023-09-25 16:21:03 - [TEST_STEP][PASSED] - navigateToUrl("https://www.google.com/"): Navigate to 'https://www.google.com/' successfully

2023-09-25 16:21:08 - [MESSAGE][PASSED] - Navigate to 'https://www.google.com/' successfully

2023-09-25 16:21:08 - [TEST_STEP][PASSED] - setText(findTestObject("Object Repository/Page_Google/textarea__q"), "eulers"): Text 'eulers' is set on object 'Object Repository/Page_Google/textarea__q'

2023-09-25 16:21:09 - [MESSAGE][PASSED] - Text 'eulers' is set on object 'Object Repository/Page_Google/textarea__q'

2023-09-25 16:21:09 - [TEST_STEP][PASSED] - sendKeys(findTestObject("Page_Google/textarea__q"), Keys.chord(ENTER)): Keys 'ENTER + ' sent to object: 'Object Repository/Page_Google/textarea__q'

2023-09-25 16:21:10 - [MESSAGE][PASSED] - Keys 'ENTER + ' sent to object: 'Object Repository/Page_Google/textarea__q'

2023-09-25 16:21:10 - [TEST_STEP][PASSED] - closeBrowser(): Browser is closed

2023-09-25 16:21:11 - [MESSAGE][PASSED] - Browser is closed]]></system-out>
         <system-err><![CDATA[]]></system-err>
      </testcase>
      <testcase name="Test Cases/Part1/TestCase08" time="5.925" classname="Test Cases/Part1/TestCase08" status="PASSED">
         <system-out><![CDATA[2023-09-25 16:21:11 - [TEST_CASE][PASSED] - Test Cases/Part1/TestCase08: Test Cases/Part1/TestCase08

2023-09-25 16:21:11 - [TEST_STEP][PASSED] - openBrowser(""): Browser is opened with url: ''

2023-09-25 16:21:11 - [MESSAGE][INFO] - Starting 'Chrome' driver

2023-09-25 16:21:11 - [MESSAGE][INFO] - Action delay is set to 0 milliseconds

2023-09-25 16:21:12 - [MESSAGE][PASSED] - Browser is opened with url: ''

2023-09-25 16:21:12 - [TEST_STEP][PASSED] - maximizeWindow(): Current window maximized

2023-09-25 16:21:12 - [MESSAGE][PASSED] - Current window maximized

2023-09-25 16:21:12 - [TEST_STEP][PASSED] - navigateToUrl("https://projecteuler.net/"): Navigate to 'https://projecteuler.net/' successfully

2023-09-25 16:21:13 - [MESSAGE][PASSED] - Navigate to 'https://projecteuler.net/' successfully

2023-09-25 16:21:13 - [TEST_STEP][PASSED] - click(findTestObject("Object Repository/Page_About - Project Euler/a_Sign In")): Object: 'Object Repository/Page_About - Project Euler/a_Sign In' is clicked on

2023-09-25 16:21:15 - [MESSAGE][PASSED] - Object: 'Object Repository/Page_About - Project Euler/a_Sign In' is clicked on

2023-09-25 16:21:15 - [TEST_STEP][PASSED] - verifyElementVisible(findTestObject("Object Repository/Page_Sign In - Project Euler/input_Remember Me_sign_in")): Object 'Object Repository/Page_Sign In - Project Euler/input_Remember Me_sign_in' is visible

2023-09-25 16:21:16 - [MESSAGE][PASSED] - Object 'Object Repository/Page_Sign In - Project Euler/input_Remember Me_sign_in' is visible

2023-09-25 16:21:16 - [TEST_STEP][PASSED] - closeBrowser(): Browser is closed

2023-09-25 16:21:16 - [MESSAGE][PASSED] - Browser is closed]]></system-out>
         <system-err><![CDATA[]]></system-err>
      </testcase>
      <testcase name="Test Cases/Part1/TestCase09" time="5.118" classname="Test Cases/Part1/TestCase09" status="PASSED">
         <system-out><![CDATA[2023-09-25 16:21:16 - [TEST_CASE][PASSED] - Test Cases/Part1/TestCase09: Test Cases/Part1/TestCase09

2023-09-25 16:21:17 - [TEST_STEP][PASSED] - openBrowser(""): Browser is opened with url: ''

2023-09-25 16:21:17 - [MESSAGE][INFO] - Starting 'Chrome' driver

2023-09-25 16:21:17 - [MESSAGE][INFO] - Action delay is set to 0 milliseconds

2023-09-25 16:21:18 - [MESSAGE][PASSED] - Browser is opened with url: ''

2023-09-25 16:21:18 - [TEST_STEP][PASSED] - maximizeWindow(): Current window maximized

2023-09-25 16:21:18 - [MESSAGE][PASSED] - Current window maximized

2023-09-25 16:21:18 - [TEST_STEP][PASSED] - navigateToUrl("https://www.wikipedia.org/"): Navigate to 'https://www.wikipedia.org/' successfully

2023-09-25 16:21:20 - [MESSAGE][PASSED] - Navigate to 'https://www.wikipedia.org/' successfully

2023-09-25 16:21:20 - [TEST_STEP][PASSED] - rightClick(findTestObject("Object Repository/Page_Wikipedia/input_Search Wikipedia_search")): Object: 'Object Repository/Page_Wikipedia/input_Search Wikipedia_search' is right clicked on

2023-09-25 16:21:21 - [MESSAGE][PASSED] - Object: 'Object Repository/Page_Wikipedia/input_Search Wikipedia_search' is right clicked on

2023-09-25 16:21:21 - [TEST_STEP][PASSED] - verifyElementVisible(findTestObject("Object Repository/Page_Wikipedia/input_Search Wikipedia_search")): Object 'Object Repository/Page_Wikipedia/input_Search Wikipedia_search' is visible

2023-09-25 16:21:21 - [MESSAGE][PASSED] - Object 'Object Repository/Page_Wikipedia/input_Search Wikipedia_search' is visible

2023-09-25 16:21:21 - [TEST_STEP][PASSED] - closeBrowser(): Browser is closed

2023-09-25 16:21:22 - [MESSAGE][PASSED] - Browser is closed]]></system-out>
         <system-err><![CDATA[]]></system-err>
      </testcase>
      <testcase name="Test Cases/Part1/TestCase10" time="9.849" classname="Test Cases/Part1/TestCase10" status="PASSED">
         <system-out><![CDATA[2023-09-25 16:21:22 - [TEST_CASE][PASSED] - Test Cases/Part1/TestCase10: Test Cases/Part1/TestCase10

2023-09-25 16:21:22 - [TEST_STEP][PASSED] - openBrowser(""): Browser is opened with url: ''

2023-09-25 16:21:22 - [MESSAGE][INFO] - Starting 'Chrome' driver

2023-09-25 16:21:22 - [MESSAGE][INFO] - Action delay is set to 0 milliseconds

2023-09-25 16:21:23 - [MESSAGE][PASSED] - Browser is opened with url: ''

2023-09-25 16:21:23 - [TEST_STEP][PASSED] - maximizeWindow(): Current window maximized

2023-09-25 16:21:23 - [MESSAGE][PASSED] - Current window maximized

2023-09-25 16:21:23 - [TEST_STEP][PASSED] - navigateToUrl("https://www.wikipedia.org/"): Navigate to 'https://www.wikipedia.org/' successfully

2023-09-25 16:21:25 - [MESSAGE][PASSED] - Navigate to 'https://www.wikipedia.org/' successfully

2023-09-25 16:21:25 - [TEST_STEP][PASSED] - click(findTestObject("Object Repository/Page_Wikipedia/strong_English")): Object: 'Object Repository/Page_Wikipedia/strong_English' is clicked on

2023-09-25 16:21:30 - [MESSAGE][PASSED] - Object: 'Object Repository/Page_Wikipedia/strong_English' is clicked on

2023-09-25 16:21:30 - [TEST_STEP][PASSED] - scrollToElement(findTestObject("Object Repository/Page_Wikipedia, the free encyclopedia/a_Wikipedia"), 0): Scroll to object 'Object Repository/Page_Wikipedia, the free encyclopedia/a_Wikipedia' successfully

2023-09-25 16:21:30 - [MESSAGE][WARNING] - Timeout '0' is invalid. Using default page load timeout: '30'

2023-09-25 16:21:30 - [MESSAGE][PASSED] - Scroll to object 'Object Repository/Page_Wikipedia, the free encyclopedia/a_Wikipedia' successfully

2023-09-25 16:21:30 - [TEST_STEP][PASSED] - verifyElementPresent(findTestObject("Object Repository/Page_Wikipedia, the free encyclopedia/a_Wikipedia"), 0): Object 'Object Repository/Page_Wikipedia, the free encyclopedia/a_Wikipedia' is present

2023-09-25 16:21:31 - [MESSAGE][WARNING] - Timeout '0' is invalid. Using default page load timeout: '30'

2023-09-25 16:21:31 - [MESSAGE][PASSED] - Object 'Object Repository/Page_Wikipedia, the free encyclopedia/a_Wikipedia' is present

2023-09-25 16:21:31 - [TEST_STEP][PASSED] - closeBrowser(): Browser is closed

2023-09-25 16:21:31 - [MESSAGE][PASSED] - Browser is closed]]></system-out>
         <system-err><![CDATA[]]></system-err>
      </testcase>
      <system-out><![CDATA[2023-09-25 16:19:10 - [TEST_SUITE][PASSED] - Second Test Suite: Test Cases/Part1/TestCase10]]></system-out>
      <system-err><![CDATA[]]></system-err>
   </testsuite>
</testsuites>
