<?xml version="1.0" encoding="UTF-8"?>
<testsuites name="First Test Suite" time="443.672" tests="30" failures="0" errors="0">
   <testsuite name="First Test Suite" tests="30" failures="0" errors="0" time="443.672" skipped="0" timestamp="2023-09-18 15:43:09" hostname="sachin.gajbhiye - ZIL591.mshome.net" id="Test Suites/First Test Suite">
      <properties>
         <property name="deviceName" value=""/>
         <property name="devicePlatform" value=""/>
         <property name="logFolder" value="C:\\Users\\sachin.gajbhiye\\git\\Katalon-Practice\\Reports\\20230918_154306\\First Test Suite\\20230918_154306"/>
         <property name="logFiles" value="C:\\Users\\sachin.gajbhiye\\git\\Katalon-Practice\\Reports\\20230918_154306\\First Test Suite\\20230918_154306\\execution0.log"/>
         <property name="attachments" value=""/>
         <property name="hostName" value="sachin.gajbhiye - ZIL591.mshome.net"/>
         <property name="os" value="Windows 10 64bit"/>
         <property name="katalonVersion" value="8.6.8.208"/>
         <property name="browser" value="Chrome 116.0.0.0"/>
         <property name="hostAddress" value="172.19.128.1"/>
         <property name="sessionId" value="11ccdc9a20b98b7908446a00ff8061a6"/>
         <property name="seleniumVersion" value="3.141.59"/>
         <property name="proxyInformation" value="ProxyInformation { proxyOption=NO_PROXY, proxyServerType=HTTP, username=, password=********, proxyServerAddress=, proxyServerPort=0, executionList=&quot;&quot;, isApplyToDesiredCapabilities=true }"/>
         <property name="platform" value="Windows 10"/>
      </properties>
      <testcase name="Test Cases/Part1/TestCase01" time="14.967" classname="Test Cases/Part1/TestCase01" status="PASSED">
         <system-out><![CDATA[2023-09-18 15:43:09 - [TEST_CASE][PASSED] - Test Cases/Part1/TestCase01: Test Cases/Part1/TestCase01

2023-09-18 15:43:10 - [TEST_STEP][PASSED] - openBrowser(""): Browser is opened with url: ''

2023-09-18 15:43:10 - [MESSAGE][INFO] - Starting 'Chrome' driver

2023-09-18 15:43:10 - [MESSAGE][INFO] - Action delay is set to 0 milliseconds

2023-09-18 15:43:12 - [MESSAGE][PASSED] - Browser is opened with url: ''

2023-09-18 15:43:12 - [TEST_STEP][PASSED] - navigateToUrl("https://www.google.com/"): Navigate to 'https://www.google.com/' successfully

2023-09-18 15:43:18 - [MESSAGE][PASSED] - Navigate to 'https://www.google.com/' successfully

2023-09-18 15:43:18 - [TEST_STEP][PASSED] - rightClick(findTestObject("Object Repository/Page_Google/img_Sign in_lnXdpd")): Object: 'Object Repository/Page_Google/img_Sign in_lnXdpd' is right clicked on

2023-09-18 15:43:20 - [MESSAGE][PASSED] - Object: 'Object Repository/Page_Google/img_Sign in_lnXdpd' is right clicked on

2023-09-18 15:43:20 - [TEST_STEP][PASSED] - click(findTestObject("Object Repository/Page_Google/button_Stay signed out")): Object: 'Object Repository/Page_Google/button_Stay signed out' is clicked on

2023-09-18 15:43:21 - [MESSAGE][PASSED] - Object: 'Object Repository/Page_Google/button_Stay signed out' is clicked on

2023-09-18 15:43:21 - [TEST_STEP][PASSED] - rightClick(findTestObject("Object Repository/Page_Google/input_Delete_btnK")): Object: 'Object Repository/Page_Google/input_Delete_btnK' is right clicked on

2023-09-18 15:43:21 - [MESSAGE][PASSED] - Object: 'Object Repository/Page_Google/input_Delete_btnK' is right clicked on

2023-09-18 15:43:21 - [TEST_STEP][PASSED] - verifyElementText(findTestObject("Object Repository/Page_Google/input_Delete_btnK"), ""): Actual text and expected text of test object 'Object Repository/Page_Google/input_Delete_btnK' are matched.

2023-09-18 15:43:22 - [MESSAGE][PASSED] - Actual text and expected text of test object 'Object Repository/Page_Google/input_Delete_btnK' are matched.

2023-09-18 15:43:22 - [TEST_STEP][PASSED] - setText(findTestObject("Object Repository/Page_Google/textarea__q"), "jnj"): Text 'jnj' is set on object 'Object Repository/Page_Google/textarea__q'

2023-09-18 15:43:23 - [MESSAGE][PASSED] - Text 'jnj' is set on object 'Object Repository/Page_Google/textarea__q'

2023-09-18 15:43:23 - [TEST_STEP][PASSED] - closeBrowser(): Browser is closed

2023-09-18 15:43:24 - [MESSAGE][PASSED] - Browser is closed]]></system-out>
         <system-err><![CDATA[]]></system-err>
      </testcase>
      <testcase name="Test Cases/Part1/TestCase02" time="79.544" classname="Test Cases/Part1/TestCase02" status="PASSED">
         <system-out><![CDATA[2023-09-18 15:43:24 - [TEST_CASE][PASSED] - Test Cases/Part1/TestCase02: Test Cases/Part1/TestCase02

2023-09-18 15:43:24 - [TEST_STEP][PASSED] - openBrowser(""): Browser is opened with url: ''

2023-09-18 15:43:24 - [MESSAGE][INFO] - Starting 'Chrome' driver

2023-09-18 15:43:24 - [MESSAGE][INFO] - Action delay is set to 0 milliseconds

2023-09-18 15:43:26 - [MESSAGE][PASSED] - Browser is opened with url: ''

2023-09-18 15:43:26 - [TEST_STEP][PASSED] - maximizeWindow(): Current window maximized

2023-09-18 15:43:26 - [MESSAGE][PASSED] - Current window maximized

2023-09-18 15:43:26 - [TEST_STEP][PASSED] - navigateToUrl("https://www.google.com/"): Navigate to 'https://www.google.com/' successfully

2023-09-18 15:43:32 - [MESSAGE][PASSED] - Navigate to 'https://www.google.com/' successfully

2023-09-18 15:43:32 - [TEST_STEP][PASSED] - rightClick(findTestObject("Object Repository/Page_Google/textarea__q")): Object: 'Object Repository/Page_Google/textarea__q' is right clicked on

2023-09-18 15:43:33 - [MESSAGE][PASSED] - Object: 'Object Repository/Page_Google/textarea__q' is right clicked on

2023-09-18 15:43:33 - [TEST_STEP][PASSED] - verifyElementPresent(findTestObject("Object Repository/Page_Google/textarea__q"), 0): Object 'Object Repository/Page_Google/textarea__q' is present

2023-09-18 15:43:33 - [MESSAGE][WARNING] - Timeout '0' is invalid. Using default page load timeout: '30'

2023-09-18 15:43:33 - [MESSAGE][PASSED] - Object 'Object Repository/Page_Google/textarea__q' is present

2023-09-18 15:43:33 - [TEST_STEP][PASSED] - setText(findTestObject("Object Repository/Page_Google/textarea__q"), "translator"): Text 'translator' is set on object 'Object Repository/Page_Google/textarea__q'

2023-09-18 15:43:34 - [MESSAGE][PASSED] - Text 'translator' is set on object 'Object Repository/Page_Google/textarea__q'

2023-09-18 15:43:34 - [TEST_STEP][PASSED] - sendKeys(findTestObject("Object Repository/Page_Google/textarea__q"), Keys.chord(ENTER)): Keys 'ENTER + ' sent to object: 'Object Repository/Page_Google/textarea__q'

2023-09-18 15:43:36 - [MESSAGE][PASSED] - Keys 'ENTER + ' sent to object: 'Object Repository/Page_Google/textarea__q'

2023-09-18 15:43:36 - [TEST_STEP][PASSED] - scrollToElement(findTestObject("Object Repository/Page_translator - Google Search/h3_Google Translate"), 0): Scroll to object 'Object Repository/Page_translator - Google Search/h3_Google Translate' successfully

2023-09-18 15:43:36 - [MESSAGE][WARNING] - Timeout '0' is invalid. Using default page load timeout: '30'

2023-09-18 15:44:07 - [MESSAGE][INFO] - Unable to find the element located by 'By.xpath: //div[@id='rso']/div[2]/div/div/div/div/div/div/div/div/div/span/a/h3'. Please recheck the objects properties to make sure the desired element is located. 

2023-09-18 15:44:07 - [MESSAGE][WARNING] - [SELF-HEALING] Failed to find element with id 'Object Repository/Page_translator - Google Search/h3_Google Translate'. Try using Self-healing.

2023-09-18 15:44:08 - [MESSAGE][INFO] - Unable to find the element located by 'By.xpath: (.//*[normalize-space(text()) and normalize-space(.)='Web result with site links'])[1]/following::h3[1]'. Please recheck the objects properties to make sure the desired element is located. 

2023-09-18 15:44:08 - [MESSAGE][INFO] - [SELF-HEALING] Failed Locator: '//div[@id='rso']/div[2]/div/div/div/div/div/div/div/div/div/span/a/h3'.

2023-09-18 15:44:09 - [MESSAGE][INFO] - [SELF-HEALING] Failed Locator: '(.//*[normalize-space(text()) and normalize-space(.)='Web result with site links'])[1]/following::h3[1]'.

2023-09-18 15:44:09 - [MESSAGE][INFO] - [SELF-HEALING] Working Locator: '(.//*[normalize-space(text()) and normalize-space(.)='Open in Google Translate'])[1]/following::h3[1]'.

2023-09-18 15:44:10 - [MESSAGE][INFO] - [SELF-HEALING] Screenshot: C:/Users/sachin.gajbhiye/git/Katalon-Practice/Reports/Self-healing/Object Repository/Page_translator - Google Search/h3_Google Translate_neighbor.png

2023-09-18 15:44:10 - [MESSAGE][WARNING] - [SELF-HEALING] The current locator of test object 'Object Repository/Page_translator - Google Search/h3_Google Translate' was broken. Propose an alternative one: '(.//*[normalize-space(text()) and normalize-space(.)='Open in Google Translate'])[1]/following::h3[1]'.

2023-09-18 15:44:10 - [MESSAGE][PASSED] - Scroll to object 'Object Repository/Page_translator - Google Search/h3_Google Translate' successfully

2023-09-18 15:44:10 - [TEST_STEP][PASSED] - verifyElementVisible(findTestObject("Object Repository/Page_translator - Google Search/h3_Google Translate")): Object 'Object Repository/Page_translator - Google Search/h3_Google Translate' is visible

2023-09-18 15:44:41 - [MESSAGE][INFO] - Unable to find the element located by 'By.xpath: //div[@id='rso']/div[2]/div/div/div/div/div/div/div/div/div/span/a/h3'. Please recheck the objects properties to make sure the desired element is located. 

2023-09-18 15:44:41 - [MESSAGE][WARNING] - [SELF-HEALING] Failed to find element with id 'Object Repository/Page_translator - Google Search/h3_Google Translate'. Try using Self-healing.

2023-09-18 15:44:42 - [MESSAGE][INFO] - Unable to find the element located by 'By.xpath: (.//*[normalize-space(text()) and normalize-space(.)='Web result with site links'])[1]/following::h3[1]'. Please recheck the objects properties to make sure the desired element is located. 

2023-09-18 15:44:43 - [MESSAGE][WARNING] - [SELF-HEALING] The current locator of test object 'Object Repository/Page_translator - Google Search/h3_Google Translate' was broken. Propose an alternative one: '(.//*[normalize-space(text()) and normalize-space(.)='Open in Google Translate'])[1]/following::h3[1]'.

2023-09-18 15:44:43 - [MESSAGE][PASSED] - Object 'Object Repository/Page_translator - Google Search/h3_Google Translate' is visible

2023-09-18 15:44:43 - [TEST_STEP][PASSED] - closeBrowser(): Browser is closed

2023-09-18 15:44:44 - [MESSAGE][PASSED] - Browser is closed]]></system-out>
         <system-err><![CDATA[]]></system-err>
      </testcase>
      <testcase name="Test Cases/Part1/TestCase03" time="27.913" classname="Test Cases/Part1/TestCase03" status="PASSED">
         <system-out><![CDATA[2023-09-18 15:44:44 - [TEST_CASE][PASSED] - Test Cases/Part1/TestCase03: Test Cases/Part1/TestCase03

2023-09-18 15:44:44 - [TEST_STEP][PASSED] - openBrowser(""): Browser is opened with url: ''

2023-09-18 15:44:44 - [MESSAGE][INFO] - Starting 'Chrome' driver

2023-09-18 15:44:44 - [MESSAGE][INFO] - Action delay is set to 0 milliseconds

2023-09-18 15:44:45 - [MESSAGE][PASSED] - Browser is opened with url: ''

2023-09-18 15:44:45 - [TEST_STEP][PASSED] - maximizeWindow(): Current window maximized

2023-09-18 15:44:46 - [MESSAGE][PASSED] - Current window maximized

2023-09-18 15:44:46 - [TEST_STEP][PASSED] - navigateToUrl("https://www.google.com/"): Navigate to 'https://www.google.com/' successfully

2023-09-18 15:44:52 - [MESSAGE][PASSED] - Navigate to 'https://www.google.com/' successfully

2023-09-18 15:44:52 - [TEST_STEP][PASSED] - setText(findTestObject("Object Repository/Page_Google/textarea__q"), "www.gmail.com"): Text 'www.gmail.com' is set on object 'Object Repository/Page_Google/textarea__q'

2023-09-18 15:44:53 - [MESSAGE][PASSED] - Text 'www.gmail.com' is set on object 'Object Repository/Page_Google/textarea__q'

2023-09-18 15:44:53 - [TEST_STEP][PASSED] - sendKeys(findTestObject("Object Repository/Page_Google/textarea__q"), Keys.chord(ENTER)): Keys 'ENTER + ' sent to object: 'Object Repository/Page_Google/textarea__q'

2023-09-18 15:44:55 - [MESSAGE][PASSED] - Keys 'ENTER + ' sent to object: 'Object Repository/Page_Google/textarea__q'

2023-09-18 15:44:55 - [TEST_STEP][PASSED] - click(findTestObject("Object Repository/Page_www.gmail.com - Google Search/h3_Email - Gmail - Google")): Object: 'Object Repository/Page_www.gmail.com - Google Search/h3_Email - Gmail - Google' is clicked on

2023-09-18 15:45:10 - [MESSAGE][PASSED] - Object: 'Object Repository/Page_www.gmail.com - Google Search/h3_Email - Gmail - Google' is clicked on

2023-09-18 15:45:10 - [TEST_STEP][PASSED] - verifyElementVisible(findTestObject("Object Repository/Page_Gmail Private and secure email at no c_d3ebd8/span_Create an account")): Object 'Object Repository/Page_Gmail Private and secure email at no c_d3ebd8/span_Create an account' is visible

2023-09-18 15:45:11 - [MESSAGE][PASSED] - Object 'Object Repository/Page_Gmail Private and secure email at no c_d3ebd8/span_Create an account' is visible

2023-09-18 15:45:11 - [TEST_STEP][PASSED] - closeBrowser(): Browser is closed

2023-09-18 15:45:11 - [MESSAGE][PASSED] - Browser is closed]]></system-out>
         <system-err><![CDATA[]]></system-err>
      </testcase>
      <testcase name="Test Cases/Part1/TestCase04" time="18.176" classname="Test Cases/Part1/TestCase04" status="PASSED">
         <system-out><![CDATA[2023-09-18 15:45:12 - [TEST_CASE][PASSED] - Test Cases/Part1/TestCase04: Test Cases/Part1/TestCase04

2023-09-18 15:45:12 - [TEST_STEP][PASSED] - openBrowser(""): Browser is opened with url: ''

2023-09-18 15:45:12 - [MESSAGE][INFO] - Starting 'Chrome' driver

2023-09-18 15:45:12 - [MESSAGE][INFO] - Action delay is set to 0 milliseconds

2023-09-18 15:45:13 - [MESSAGE][PASSED] - Browser is opened with url: ''

2023-09-18 15:45:13 - [TEST_STEP][PASSED] - navigateToUrl("https://www.google.com/"): Navigate to 'https://www.google.com/' successfully

2023-09-18 15:45:19 - [MESSAGE][PASSED] - Navigate to 'https://www.google.com/' successfully

2023-09-18 15:45:19 - [TEST_STEP][PASSED] - setText(findTestObject("Object Repository/Page_Google/textarea__q"), "facebook.com"): Text 'facebook.com' is set on object 'Object Repository/Page_Google/textarea__q'

2023-09-18 15:45:20 - [MESSAGE][PASSED] - Text 'facebook.com' is set on object 'Object Repository/Page_Google/textarea__q'

2023-09-18 15:45:20 - [TEST_STEP][PASSED] - sendKeys(findTestObject("Page_Google/textarea__q"), Keys.chord(ENTER)): Keys 'ENTER + ' sent to object: 'Object Repository/Page_Google/textarea__q'

2023-09-18 15:45:23 - [MESSAGE][PASSED] - Keys 'ENTER + ' sent to object: 'Object Repository/Page_Google/textarea__q'

2023-09-18 15:45:23 - [TEST_STEP][PASSED] - click(findTestObject("Object Repository/Page_facebook.com - Google Search/h3_Facebook - log in or sign up")): Object: 'Object Repository/Page_facebook.com - Google Search/h3_Facebook - log in or sign up' is clicked on

2023-09-18 15:45:29 - [MESSAGE][PASSED] - Object: 'Object Repository/Page_facebook.com - Google Search/h3_Facebook - log in or sign up' is clicked on

2023-09-18 15:45:29 - [TEST_STEP][PASSED] - closeBrowser(): Browser is closed

2023-09-18 15:45:30 - [MESSAGE][PASSED] - Browser is closed]]></system-out>
         <system-err><![CDATA[]]></system-err>
      </testcase>
      <testcase name="Test Cases/Part1/TestCase05" time="28.375" classname="Test Cases/Part1/TestCase05" status="PASSED">
         <system-out><![CDATA[2023-09-18 15:45:30 - [TEST_CASE][PASSED] - Test Cases/Part1/TestCase05: Test Cases/Part1/TestCase05

2023-09-18 15:45:30 - [TEST_STEP][PASSED] - openBrowser(""): Browser is opened with url: ''

2023-09-18 15:45:30 - [MESSAGE][INFO] - Starting 'Chrome' driver

2023-09-18 15:45:30 - [MESSAGE][INFO] - Action delay is set to 0 milliseconds

2023-09-18 15:45:31 - [MESSAGE][PASSED] - Browser is opened with url: ''

2023-09-18 15:45:31 - [TEST_STEP][PASSED] - maximizeWindow(): Current window maximized

2023-09-18 15:45:32 - [MESSAGE][PASSED] - Current window maximized

2023-09-18 15:45:32 - [TEST_STEP][PASSED] - navigateToUrl("https://www.google.com/"): Navigate to 'https://www.google.com/' successfully

2023-09-18 15:45:39 - [MESSAGE][PASSED] - Navigate to 'https://www.google.com/' successfully

2023-09-18 15:45:39 - [TEST_STEP][PASSED] - setText(findTestObject("Object Repository/Page_Google/textarea__q"), "hackerrank"): Text 'hackerrank' is set on object 'Object Repository/Page_Google/textarea__q'

2023-09-18 15:45:40 - [MESSAGE][PASSED] - Text 'hackerrank' is set on object 'Object Repository/Page_Google/textarea__q'

2023-09-18 15:45:40 - [TEST_STEP][PASSED] - sendKeys(findTestObject("Page_Google/textarea__q"), Keys.chord(ENTER)): Keys 'ENTER + ' sent to object: 'Object Repository/Page_Google/textarea__q'

2023-09-18 15:45:42 - [MESSAGE][PASSED] - Keys 'ENTER + ' sent to object: 'Object Repository/Page_Google/textarea__q'

2023-09-18 15:45:42 - [TEST_STEP][PASSED] - click(findTestObject("Object Repository/Page_hackerrank - Google Search/h3_HackerRank - Online Coding Tests and Tec_2dee1e")): Object: 'Object Repository/Page_hackerrank - Google Search/h3_HackerRank - Online Coding Tests and Tec_2dee1e' is clicked on

2023-09-18 15:45:56 - [MESSAGE][PASSED] - Object: 'Object Repository/Page_hackerrank - Google Search/h3_HackerRank - Online Coding Tests and Tec_2dee1e' is clicked on

2023-09-18 15:45:56 - [TEST_STEP][PASSED] - rightClick(findTestObject("Object Repository/Page_HackerRank - Online Coding Tests and T_423249/a_Sign up")): Object: 'Object Repository/Page_HackerRank - Online Coding Tests and T_423249/a_Sign up' is right clicked on

2023-09-18 15:45:57 - [MESSAGE][PASSED] - Object: 'Object Repository/Page_HackerRank - Online Coding Tests and T_423249/a_Sign up' is right clicked on

2023-09-18 15:45:57 - [TEST_STEP][PASSED] - verifyElementVisible(findTestObject("Object Repository/Page_HackerRank - Online Coding Tests and T_423249/a_Sign up")): Object 'Object Repository/Page_HackerRank - Online Coding Tests and T_423249/a_Sign up' is visible

2023-09-18 15:45:57 - [MESSAGE][PASSED] - Object 'Object Repository/Page_HackerRank - Online Coding Tests and T_423249/a_Sign up' is visible

2023-09-18 15:45:57 - [TEST_STEP][PASSED] - closeBrowser(): Browser is closed

2023-09-18 15:45:58 - [MESSAGE][PASSED] - Browser is closed]]></system-out>
         <system-err><![CDATA[]]></system-err>
      </testcase>
      <testcase name="Test Cases/Part1/TestCase06" time="41.956" classname="Test Cases/Part1/TestCase06" status="PASSED">
         <system-out><![CDATA[2023-09-18 15:45:58 - [TEST_CASE][PASSED] - Test Cases/Part1/TestCase06: Test Cases/Part1/TestCase06

2023-09-18 15:45:58 - [TEST_STEP][PASSED] - openBrowser(""): Browser is opened with url: ''

2023-09-18 15:45:58 - [MESSAGE][INFO] - Starting 'Chrome' driver

2023-09-18 15:45:58 - [MESSAGE][INFO] - Action delay is set to 0 milliseconds

2023-09-18 15:46:00 - [MESSAGE][PASSED] - Browser is opened with url: ''

2023-09-18 15:46:00 - [TEST_STEP][PASSED] - maximizeWindow(): Current window maximized

2023-09-18 15:46:00 - [MESSAGE][PASSED] - Current window maximized

2023-09-18 15:46:00 - [TEST_STEP][PASSED] - navigateToUrl("https://www.google.com/"): Navigate to 'https://www.google.com/' successfully

2023-09-18 15:46:06 - [MESSAGE][PASSED] - Navigate to 'https://www.google.com/' successfully

2023-09-18 15:46:06 - [TEST_STEP][PASSED] - setText(findTestObject("Object Repository/Page_Google/textarea__q"), "katalon"): Text 'katalon' is set on object 'Object Repository/Page_Google/textarea__q'

2023-09-18 15:46:07 - [MESSAGE][PASSED] - Text 'katalon' is set on object 'Object Repository/Page_Google/textarea__q'

2023-09-18 15:46:07 - [TEST_STEP][PASSED] - sendKeys(findTestObject("Page_Google/textarea__q"), Keys.chord(ENTER)): Keys 'ENTER + ' sent to object: 'Object Repository/Page_Google/textarea__q'

2023-09-18 15:46:08 - [MESSAGE][PASSED] - Keys 'ENTER + ' sent to object: 'Object Repository/Page_Google/textarea__q'

2023-09-18 15:46:08 - [TEST_STEP][PASSED] - click(findTestObject("Object Repository/Page_katalon - Google Search/span_Katalon Studio - 1 Software Testing Tool")): Object: 'Object Repository/Page_katalon - Google Search/span_Katalon Studio - 1 Software Testing Tool' is clicked on

2023-09-18 15:46:35 - [MESSAGE][PASSED] - Object: 'Object Repository/Page_katalon - Google Search/span_Katalon Studio - 1 Software Testing Tool' is clicked on

2023-09-18 15:46:35 - [TEST_STEP][PASSED] - click(findTestObject("Object Repository/Page_Katalon AI-augmented Software Quality _596167/button_Accept All Cookies")): Object: 'Object Repository/Page_Katalon AI-augmented Software Quality _596167/button_Accept All Cookies' is clicked on

2023-09-18 15:46:36 - [MESSAGE][PASSED] - Object: 'Object Repository/Page_Katalon AI-augmented Software Quality _596167/button_Accept All Cookies' is clicked on

2023-09-18 15:46:36 - [TEST_STEP][PASSED] - verifyElementPresent(findTestObject("Object Repository/Page_Katalon AI-augmented Software Quality _596167/a_Start free trial"), 0): Object 'Object Repository/Page_Katalon AI-augmented Software Quality _596167/a_Start free trial' is present

2023-09-18 15:46:36 - [MESSAGE][WARNING] - Timeout '0' is invalid. Using default page load timeout: '30'

2023-09-18 15:46:39 - [MESSAGE][PASSED] - Object 'Object Repository/Page_Katalon AI-augmented Software Quality _596167/a_Start free trial' is present

2023-09-18 15:46:39 - [TEST_STEP][PASSED] - closeBrowser(): Browser is closed

2023-09-18 15:46:40 - [MESSAGE][PASSED] - Browser is closed]]></system-out>
         <system-err><![CDATA[]]></system-err>
      </testcase>
      <testcase name="Test Cases/Part1/TestCase07" time="11.652" classname="Test Cases/Part1/TestCase07" status="PASSED">
         <system-out><![CDATA[2023-09-18 15:46:40 - [TEST_CASE][PASSED] - Test Cases/Part1/TestCase07: Test Cases/Part1/TestCase07

2023-09-18 15:46:41 - [TEST_STEP][PASSED] - openBrowser(""): Browser is opened with url: ''

2023-09-18 15:46:41 - [MESSAGE][INFO] - Starting 'Chrome' driver

2023-09-18 15:46:41 - [MESSAGE][INFO] - Action delay is set to 0 milliseconds

2023-09-18 15:46:42 - [MESSAGE][PASSED] - Browser is opened with url: ''

2023-09-18 15:46:42 - [TEST_STEP][PASSED] - maximizeWindow(): Current window maximized

2023-09-18 15:46:42 - [MESSAGE][PASSED] - Current window maximized

2023-09-18 15:46:42 - [TEST_STEP][PASSED] - navigateToUrl("https://www.google.com/"): Navigate to 'https://www.google.com/' successfully

2023-09-18 15:46:48 - [MESSAGE][PASSED] - Navigate to 'https://www.google.com/' successfully

2023-09-18 15:46:48 - [TEST_STEP][PASSED] - setText(findTestObject("Object Repository/Page_Google/textarea__q"), "eulers"): Text 'eulers' is set on object 'Object Repository/Page_Google/textarea__q'

2023-09-18 15:46:49 - [MESSAGE][PASSED] - Text 'eulers' is set on object 'Object Repository/Page_Google/textarea__q'

2023-09-18 15:46:49 - [TEST_STEP][PASSED] - sendKeys(findTestObject("Page_Google/textarea__q"), Keys.chord(ENTER)): Keys 'ENTER + ' sent to object: 'Object Repository/Page_Google/textarea__q'

2023-09-18 15:46:51 - [MESSAGE][PASSED] - Keys 'ENTER + ' sent to object: 'Object Repository/Page_Google/textarea__q'

2023-09-18 15:46:51 - [TEST_STEP][PASSED] - closeBrowser(): Browser is closed

2023-09-18 15:46:52 - [MESSAGE][PASSED] - Browser is closed]]></system-out>
         <system-err><![CDATA[]]></system-err>
      </testcase>
      <testcase name="Test Cases/Part1/TestCase08" time="8.407" classname="Test Cases/Part1/TestCase08" status="PASSED">
         <system-out><![CDATA[2023-09-18 15:46:52 - [TEST_CASE][PASSED] - Test Cases/Part1/TestCase08: Test Cases/Part1/TestCase08

2023-09-18 15:46:52 - [TEST_STEP][PASSED] - openBrowser(""): Browser is opened with url: ''

2023-09-18 15:46:52 - [MESSAGE][INFO] - Starting 'Chrome' driver

2023-09-18 15:46:52 - [MESSAGE][INFO] - Action delay is set to 0 milliseconds

2023-09-18 15:46:54 - [MESSAGE][PASSED] - Browser is opened with url: ''

2023-09-18 15:46:54 - [TEST_STEP][PASSED] - maximizeWindow(): Current window maximized

2023-09-18 15:46:54 - [MESSAGE][PASSED] - Current window maximized

2023-09-18 15:46:54 - [TEST_STEP][PASSED] - navigateToUrl("https://projecteuler.net/"): Navigate to 'https://projecteuler.net/' successfully

2023-09-18 15:46:55 - [MESSAGE][PASSED] - Navigate to 'https://projecteuler.net/' successfully

2023-09-18 15:46:55 - [TEST_STEP][PASSED] - click(findTestObject("Object Repository/Page_About - Project Euler/a_Sign In")): Object: 'Object Repository/Page_About - Project Euler/a_Sign In' is clicked on

2023-09-18 15:46:59 - [MESSAGE][PASSED] - Object: 'Object Repository/Page_About - Project Euler/a_Sign In' is clicked on

2023-09-18 15:46:59 - [TEST_STEP][PASSED] - verifyElementVisible(findTestObject("Object Repository/Page_Sign In - Project Euler/input_Remember Me_sign_in")): Object 'Object Repository/Page_Sign In - Project Euler/input_Remember Me_sign_in' is visible

2023-09-18 15:46:59 - [MESSAGE][PASSED] - Object 'Object Repository/Page_Sign In - Project Euler/input_Remember Me_sign_in' is visible

2023-09-18 15:46:59 - [TEST_STEP][PASSED] - closeBrowser(): Browser is closed

2023-09-18 15:47:00 - [MESSAGE][PASSED] - Browser is closed]]></system-out>
         <system-err><![CDATA[]]></system-err>
      </testcase>
      <testcase name="Test Cases/Part1/TestCase09" time="5.9" classname="Test Cases/Part1/TestCase09" status="PASSED">
         <system-out><![CDATA[2023-09-18 15:47:00 - [TEST_CASE][PASSED] - Test Cases/Part1/TestCase09: Test Cases/Part1/TestCase09

2023-09-18 15:47:01 - [TEST_STEP][PASSED] - openBrowser(""): Browser is opened with url: ''

2023-09-18 15:47:01 - [MESSAGE][INFO] - Starting 'Chrome' driver

2023-09-18 15:47:01 - [MESSAGE][INFO] - Action delay is set to 0 milliseconds

2023-09-18 15:47:02 - [MESSAGE][PASSED] - Browser is opened with url: ''

2023-09-18 15:47:02 - [TEST_STEP][PASSED] - maximizeWindow(): Current window maximized

2023-09-18 15:47:02 - [MESSAGE][PASSED] - Current window maximized

2023-09-18 15:47:02 - [TEST_STEP][PASSED] - navigateToUrl("https://www.wikipedia.org/"): Navigate to 'https://www.wikipedia.org/' successfully

2023-09-18 15:47:04 - [MESSAGE][PASSED] - Navigate to 'https://www.wikipedia.org/' successfully

2023-09-18 15:47:04 - [TEST_STEP][PASSED] - rightClick(findTestObject("Object Repository/Page_Wikipedia/input_Search Wikipedia_search")): Object: 'Object Repository/Page_Wikipedia/input_Search Wikipedia_search' is right clicked on

2023-09-18 15:47:05 - [MESSAGE][PASSED] - Object: 'Object Repository/Page_Wikipedia/input_Search Wikipedia_search' is right clicked on

2023-09-18 15:47:05 - [TEST_STEP][PASSED] - verifyElementVisible(findTestObject("Object Repository/Page_Wikipedia/input_Search Wikipedia_search")): Object 'Object Repository/Page_Wikipedia/input_Search Wikipedia_search' is visible

2023-09-18 15:47:05 - [MESSAGE][PASSED] - Object 'Object Repository/Page_Wikipedia/input_Search Wikipedia_search' is visible

2023-09-18 15:47:05 - [TEST_STEP][PASSED] - closeBrowser(): Browser is closed

2023-09-18 15:47:06 - [MESSAGE][PASSED] - Browser is closed]]></system-out>
         <system-err><![CDATA[]]></system-err>
      </testcase>
      <testcase name="Test Cases/Part1/TestCase10" time="9.386" classname="Test Cases/Part1/TestCase10" status="PASSED">
         <system-out><![CDATA[2023-09-18 15:47:06 - [TEST_CASE][PASSED] - Test Cases/Part1/TestCase10: Test Cases/Part1/TestCase10

2023-09-18 15:47:06 - [TEST_STEP][PASSED] - openBrowser(""): Browser is opened with url: ''

2023-09-18 15:47:06 - [MESSAGE][INFO] - Starting 'Chrome' driver

2023-09-18 15:47:06 - [MESSAGE][INFO] - Action delay is set to 0 milliseconds

2023-09-18 15:47:08 - [MESSAGE][PASSED] - Browser is opened with url: ''

2023-09-18 15:47:08 - [TEST_STEP][PASSED] - maximizeWindow(): Current window maximized

2023-09-18 15:47:08 - [MESSAGE][PASSED] - Current window maximized

2023-09-18 15:47:08 - [TEST_STEP][PASSED] - navigateToUrl("https://www.wikipedia.org/"): Navigate to 'https://www.wikipedia.org/' successfully

2023-09-18 15:47:10 - [MESSAGE][PASSED] - Navigate to 'https://www.wikipedia.org/' successfully

2023-09-18 15:47:10 - [TEST_STEP][PASSED] - click(findTestObject("Object Repository/Page_Wikipedia/strong_English")): Object: 'Object Repository/Page_Wikipedia/strong_English' is clicked on

2023-09-18 15:47:13 - [MESSAGE][PASSED] - Object: 'Object Repository/Page_Wikipedia/strong_English' is clicked on

2023-09-18 15:47:13 - [TEST_STEP][PASSED] - scrollToElement(findTestObject("Object Repository/Page_Wikipedia, the free encyclopedia/a_Wikipedia"), 0): Scroll to object 'Object Repository/Page_Wikipedia, the free encyclopedia/a_Wikipedia' successfully

2023-09-18 15:47:13 - [MESSAGE][WARNING] - Timeout '0' is invalid. Using default page load timeout: '30'

2023-09-18 15:47:14 - [MESSAGE][PASSED] - Scroll to object 'Object Repository/Page_Wikipedia, the free encyclopedia/a_Wikipedia' successfully

2023-09-18 15:47:14 - [TEST_STEP][PASSED] - verifyElementPresent(findTestObject("Object Repository/Page_Wikipedia, the free encyclopedia/a_Wikipedia"), 0): Object 'Object Repository/Page_Wikipedia, the free encyclopedia/a_Wikipedia' is present

2023-09-18 15:47:14 - [MESSAGE][WARNING] - Timeout '0' is invalid. Using default page load timeout: '30'

2023-09-18 15:47:15 - [MESSAGE][PASSED] - Object 'Object Repository/Page_Wikipedia, the free encyclopedia/a_Wikipedia' is present

2023-09-18 15:47:15 - [TEST_STEP][PASSED] - closeBrowser(): Browser is closed

2023-09-18 15:47:15 - [MESSAGE][PASSED] - Browser is closed]]></system-out>
         <system-err><![CDATA[]]></system-err>
      </testcase>
      <testcase name="Test Cases/Part2/TestCase11" time="7.105" classname="Test Cases/Part2/TestCase11" status="PASSED">
         <system-out><![CDATA[2023-09-18 15:47:15 - [TEST_CASE][PASSED] - Test Cases/Part2/TestCase11: Test Cases/Part2/TestCase11

2023-09-18 15:47:16 - [TEST_STEP][PASSED] - openBrowser(""): Browser is opened with url: ''

2023-09-18 15:47:16 - [MESSAGE][INFO] - Starting 'Chrome' driver

2023-09-18 15:47:16 - [MESSAGE][INFO] - Action delay is set to 0 milliseconds

2023-09-18 15:47:17 - [MESSAGE][PASSED] - Browser is opened with url: ''

2023-09-18 15:47:17 - [TEST_STEP][PASSED] - maximizeWindow(): Current window maximized

2023-09-18 15:47:17 - [MESSAGE][PASSED] - Current window maximized

2023-09-18 15:47:17 - [TEST_STEP][PASSED] - navigateToUrl("https://github.com/"): Navigate to 'https://github.com/' successfully

2023-09-18 15:47:21 - [MESSAGE][PASSED] - Navigate to 'https://github.com/' successfully

2023-09-18 15:47:21 - [TEST_STEP][PASSED] - verifyElementVisible(findTestObject("Object Repository/Page_GitHub Lets build from here  GitHub/a_Sign in")): Object 'Object Repository/Page_GitHub Lets build from here  GitHub/a_Sign in' is visible

2023-09-18 15:47:22 - [MESSAGE][PASSED] - Object 'Object Repository/Page_GitHub Lets build from here  GitHub/a_Sign in' is visible

2023-09-18 15:47:22 - [TEST_STEP][PASSED] - closeBrowser(): Browser is closed

2023-09-18 15:47:23 - [MESSAGE][PASSED] - Browser is closed]]></system-out>
         <system-err><![CDATA[]]></system-err>
      </testcase>
      <testcase name="Test Cases/Part2/TestCase12" time="6.346" classname="Test Cases/Part2/TestCase12" status="PASSED">
         <system-out><![CDATA[2023-09-18 15:47:23 - [TEST_CASE][PASSED] - Test Cases/Part2/TestCase12: Test Cases/Part2/TestCase12

2023-09-18 15:47:23 - [TEST_STEP][PASSED] - openBrowser(""): Browser is opened with url: ''

2023-09-18 15:47:23 - [MESSAGE][INFO] - Starting 'Chrome' driver

2023-09-18 15:47:23 - [MESSAGE][INFO] - Action delay is set to 0 milliseconds

2023-09-18 15:47:24 - [MESSAGE][PASSED] - Browser is opened with url: ''

2023-09-18 15:47:24 - [TEST_STEP][PASSED] - maximizeWindow(): Current window maximized

2023-09-18 15:47:24 - [MESSAGE][PASSED] - Current window maximized

2023-09-18 15:47:24 - [TEST_STEP][PASSED] - navigateToUrl("https://github.com/"): Navigate to 'https://github.com/' successfully

2023-09-18 15:47:27 - [MESSAGE][PASSED] - Navigate to 'https://github.com/' successfully

2023-09-18 15:47:27 - [TEST_STEP][PASSED] - verifyElementVisible(findTestObject("Object Repository/Page_GitHub Lets build from here  GitHub/a_Sign up")): Object 'Object Repository/Page_GitHub Lets build from here  GitHub/a_Sign up' is visible

2023-09-18 15:47:28 - [MESSAGE][PASSED] - Object 'Object Repository/Page_GitHub Lets build from here  GitHub/a_Sign up' is visible

2023-09-18 15:47:28 - [TEST_STEP][PASSED] - closeBrowser(): Browser is closed

2023-09-18 15:47:29 - [MESSAGE][PASSED] - Browser is closed]]></system-out>
         <system-err><![CDATA[]]></system-err>
      </testcase>
      <testcase name="Test Cases/Part2/TestCase13" time="9.271" classname="Test Cases/Part2/TestCase13" status="PASSED">
         <system-out><![CDATA[2023-09-18 15:47:29 - [TEST_CASE][PASSED] - Test Cases/Part2/TestCase13: Test Cases/Part2/TestCase13

2023-09-18 15:47:29 - [TEST_STEP][PASSED] - openBrowser(""): Browser is opened with url: ''

2023-09-18 15:47:29 - [MESSAGE][INFO] - Starting 'Chrome' driver

2023-09-18 15:47:29 - [MESSAGE][INFO] - Action delay is set to 0 milliseconds

2023-09-18 15:47:31 - [MESSAGE][PASSED] - Browser is opened with url: ''

2023-09-18 15:47:31 - [TEST_STEP][PASSED] - maximizeWindow(): Current window maximized

2023-09-18 15:47:31 - [MESSAGE][PASSED] - Current window maximized

2023-09-18 15:47:31 - [TEST_STEP][PASSED] - navigateToUrl("https://github.com/"): Navigate to 'https://github.com/' successfully

2023-09-18 15:47:34 - [MESSAGE][PASSED] - Navigate to 'https://github.com/' successfully

2023-09-18 15:47:34 - [TEST_STEP][PASSED] - click(findTestObject("Object Repository/Page_GitHub Lets build from here  GitHub/span_Search or jump to")): Object: 'Object Repository/Page_GitHub Lets build from here  GitHub/span_Search or jump to' is clicked on

2023-09-18 15:47:35 - [MESSAGE][PASSED] - Object: 'Object Repository/Page_GitHub Lets build from here  GitHub/span_Search or jump to' is clicked on

2023-09-18 15:47:35 - [TEST_STEP][PASSED] - setText(findTestObject("Object Repository/Page_GitHub Lets build from here  GitHub/input_Search_query-builder-test"), "awesome"): Text 'awesome' is set on object 'Object Repository/Page_GitHub Lets build from here  GitHub/input_Search_query-builder-test'

2023-09-18 15:47:37 - [MESSAGE][PASSED] - Text 'awesome' is set on object 'Object Repository/Page_GitHub Lets build from here  GitHub/input_Search_query-builder-test'

2023-09-18 15:47:37 - [TEST_STEP][PASSED] - closeBrowser(): Browser is closed

2023-09-18 15:47:38 - [MESSAGE][PASSED] - Browser is closed]]></system-out>
         <system-err><![CDATA[]]></system-err>
      </testcase>
      <testcase name="Test Cases/Part2/TestCase14" time="7.94" classname="Test Cases/Part2/TestCase14" status="PASSED">
         <system-out><![CDATA[2023-09-18 15:47:38 - [TEST_CASE][PASSED] - Test Cases/Part2/TestCase14: Test Cases/Part2/TestCase14

2023-09-18 15:47:39 - [TEST_STEP][PASSED] - openBrowser(""): Browser is opened with url: ''

2023-09-18 15:47:39 - [MESSAGE][INFO] - Starting 'Chrome' driver

2023-09-18 15:47:39 - [MESSAGE][INFO] - Action delay is set to 0 milliseconds

2023-09-18 15:47:40 - [MESSAGE][PASSED] - Browser is opened with url: ''

2023-09-18 15:47:40 - [TEST_STEP][PASSED] - maximizeWindow(): Current window maximized

2023-09-18 15:47:40 - [MESSAGE][PASSED] - Current window maximized

2023-09-18 15:47:40 - [TEST_STEP][PASSED] - navigateToUrl("https://github.com/"): Navigate to 'https://github.com/' successfully

2023-09-18 15:47:42 - [MESSAGE][PASSED] - Navigate to 'https://github.com/' successfully

2023-09-18 15:47:42 - [TEST_STEP][PASSED] - click(findTestObject("Object Repository/Page_GitHub Lets build from here  GitHub/a_Sign in")): Object: 'Object Repository/Page_GitHub Lets build from here  GitHub/a_Sign in' is clicked on

2023-09-18 15:47:44 - [MESSAGE][PASSED] - Object: 'Object Repository/Page_GitHub Lets build from here  GitHub/a_Sign in' is clicked on

2023-09-18 15:47:44 - [TEST_STEP][PASSED] - verifyElementText(findTestObject("Object Repository/Page_Sign in to GitHub  GitHub/h1_Sign in to GitHub"), "Sign in to GitHub"): Actual text and expected text of test object 'Object Repository/Page_Sign in to GitHub  GitHub/h1_Sign in to GitHub' are matched.

2023-09-18 15:47:45 - [MESSAGE][PASSED] - Actual text and expected text of test object 'Object Repository/Page_Sign in to GitHub  GitHub/h1_Sign in to GitHub' are matched.

2023-09-18 15:47:45 - [TEST_STEP][PASSED] - closeBrowser(): Browser is closed

2023-09-18 15:47:46 - [MESSAGE][PASSED] - Browser is closed]]></system-out>
         <system-err><![CDATA[]]></system-err>
      </testcase>
      <testcase name="Test Cases/Part2/TestCase15" time="11.984" classname="Test Cases/Part2/TestCase15" status="PASSED">
         <system-out><![CDATA[2023-09-18 15:47:46 - [TEST_CASE][PASSED] - Test Cases/Part2/TestCase15: Test Cases/Part2/TestCase15

2023-09-18 15:47:47 - [TEST_STEP][PASSED] - openBrowser(""): Browser is opened with url: ''

2023-09-18 15:47:47 - [MESSAGE][INFO] - Starting 'Chrome' driver

2023-09-18 15:47:47 - [MESSAGE][INFO] - Action delay is set to 0 milliseconds

2023-09-18 15:47:48 - [MESSAGE][PASSED] - Browser is opened with url: ''

2023-09-18 15:47:48 - [TEST_STEP][PASSED] - maximizeWindow(): Current window maximized

2023-09-18 15:47:48 - [MESSAGE][PASSED] - Current window maximized

2023-09-18 15:47:48 - [TEST_STEP][PASSED] - navigateToUrl("https://github.com/"): Navigate to 'https://github.com/' successfully

2023-09-18 15:47:50 - [MESSAGE][PASSED] - Navigate to 'https://github.com/' successfully

2023-09-18 15:47:50 - [TEST_STEP][PASSED] - click(findTestObject("Object Repository/Page_GitHub Lets build from here  GitHub/a_Sign up")): Object: 'Object Repository/Page_GitHub Lets build from here  GitHub/a_Sign up' is clicked on

2023-09-18 15:47:52 - [MESSAGE][PASSED] - Object: 'Object Repository/Page_GitHub Lets build from here  GitHub/a_Sign up' is clicked on

2023-09-18 15:47:52 - [TEST_STEP][PASSED] - setText(findTestObject("Object Repository/Page_Join GitHub  GitHub/input_Enter your email_useremail"), "Hi"): Text 'Hi' is set on object 'Object Repository/Page_Join GitHub  GitHub/input_Enter your email_useremail'

2023-09-18 15:47:57 - [MESSAGE][PASSED] - Text 'Hi' is set on object 'Object Repository/Page_Join GitHub  GitHub/input_Enter your email_useremail'

2023-09-18 15:47:57 - [TEST_STEP][PASSED] - closeBrowser(): Browser is closed

2023-09-18 15:47:58 - [MESSAGE][PASSED] - Browser is closed]]></system-out>
         <system-err><![CDATA[]]></system-err>
      </testcase>
      <testcase name="Test Cases/Part2/TestCase16" time="6.229" classname="Test Cases/Part2/TestCase16" status="PASSED">
         <system-out><![CDATA[2023-09-18 15:47:58 - [TEST_CASE][PASSED] - Test Cases/Part2/TestCase16: Test Cases/Part2/TestCase16

2023-09-18 15:47:59 - [TEST_STEP][PASSED] - openBrowser(""): Browser is opened with url: ''

2023-09-18 15:47:59 - [MESSAGE][INFO] - Starting 'Chrome' driver

2023-09-18 15:47:59 - [MESSAGE][INFO] - Action delay is set to 0 milliseconds

2023-09-18 15:48:00 - [MESSAGE][PASSED] - Browser is opened with url: ''

2023-09-18 15:48:00 - [TEST_STEP][PASSED] - maximizeWindow(): Current window maximized

2023-09-18 15:48:00 - [MESSAGE][PASSED] - Current window maximized

2023-09-18 15:48:00 - [TEST_STEP][PASSED] - navigateToUrl("https://github.com/"): Navigate to 'https://github.com/' successfully

2023-09-18 15:48:02 - [MESSAGE][PASSED] - Navigate to 'https://github.com/' successfully

2023-09-18 15:48:02 - [TEST_STEP][PASSED] - click(findTestObject("Object Repository/Page_GitHub Lets build from here  GitHub/svg_Product_octicon octicon-chevron-down He_c64722")): Object: 'Object Repository/Page_GitHub Lets build from here  GitHub/svg_Product_octicon octicon-chevron-down He_c64722' is clicked on

2023-09-18 15:48:04 - [MESSAGE][PASSED] - Object: 'Object Repository/Page_GitHub Lets build from here  GitHub/svg_Product_octicon octicon-chevron-down He_c64722' is clicked on

2023-09-18 15:48:04 - [TEST_STEP][PASSED] - closeBrowser(): Browser is closed

2023-09-18 15:48:04 - [MESSAGE][PASSED] - Browser is closed]]></system-out>
         <system-err><![CDATA[]]></system-err>
      </testcase>
      <testcase name="Test Cases/Part2/TestCase17" time="6.513" classname="Test Cases/Part2/TestCase17" status="PASSED">
         <system-out><![CDATA[2023-09-18 15:48:04 - [TEST_CASE][PASSED] - Test Cases/Part2/TestCase17: Test Cases/Part2/TestCase17

2023-09-18 15:48:05 - [TEST_STEP][PASSED] - openBrowser(""): Browser is opened with url: ''

2023-09-18 15:48:05 - [MESSAGE][INFO] - Starting 'Chrome' driver

2023-09-18 15:48:05 - [MESSAGE][INFO] - Action delay is set to 0 milliseconds

2023-09-18 15:48:06 - [MESSAGE][PASSED] - Browser is opened with url: ''

2023-09-18 15:48:06 - [TEST_STEP][PASSED] - maximizeWindow(): Current window maximized

2023-09-18 15:48:06 - [MESSAGE][PASSED] - Current window maximized

2023-09-18 15:48:06 - [TEST_STEP][PASSED] - navigateToUrl("https://github.com/"): Navigate to 'https://github.com/' successfully

2023-09-18 15:48:09 - [MESSAGE][PASSED] - Navigate to 'https://github.com/' successfully

2023-09-18 15:48:09 - [TEST_STEP][PASSED] - click(findTestObject("Object Repository/Page_GitHub Lets build from here  GitHub/svg_Product_octicon octicon-chevron-down He_c64722")): Object: 'Object Repository/Page_GitHub Lets build from here  GitHub/svg_Product_octicon octicon-chevron-down He_c64722' is clicked on

2023-09-18 15:48:10 - [MESSAGE][PASSED] - Object: 'Object Repository/Page_GitHub Lets build from here  GitHub/svg_Product_octicon octicon-chevron-down He_c64722' is clicked on

2023-09-18 15:48:10 - [TEST_STEP][PASSED] - closeBrowser(): Browser is closed

2023-09-18 15:48:11 - [MESSAGE][PASSED] - Browser is closed]]></system-out>
         <system-err><![CDATA[]]></system-err>
      </testcase>
      <testcase name="Test Cases/Part2/TestCase18" time="8.415" classname="Test Cases/Part2/TestCase18" status="PASSED">
         <system-out><![CDATA[2023-09-18 15:48:11 - [TEST_CASE][PASSED] - Test Cases/Part2/TestCase18: Test Cases/Part2/TestCase18

2023-09-18 15:48:11 - [TEST_STEP][PASSED] - openBrowser(""): Browser is opened with url: ''

2023-09-18 15:48:11 - [MESSAGE][INFO] - Starting 'Chrome' driver

2023-09-18 15:48:11 - [MESSAGE][INFO] - Action delay is set to 0 milliseconds

2023-09-18 15:48:13 - [MESSAGE][PASSED] - Browser is opened with url: ''

2023-09-18 15:48:13 - [TEST_STEP][PASSED] - navigateToUrl("https://github.com/"): Navigate to 'https://github.com/' successfully

2023-09-18 15:48:15 - [MESSAGE][PASSED] - Navigate to 'https://github.com/' successfully

2023-09-18 15:48:15 - [TEST_STEP][PASSED] - click(findTestObject("Object Repository/Page_GitHub Lets build from here  GitHub/a_Pricing")): Object: 'Object Repository/Page_GitHub Lets build from here  GitHub/a_Pricing' is clicked on

2023-09-18 15:48:16 - [MESSAGE][PASSED] - Object: 'Object Repository/Page_GitHub Lets build from here  GitHub/a_Pricing' is clicked on

2023-09-18 15:48:16 - [TEST_STEP][PASSED] - verifyElementText(findTestObject("Object Repository/Page_Pricing  Plans for every developer  GitHub/h1_Get the complete developerplatform"), "Get the complete developer platform."): Actual text and expected text of test object 'Object Repository/Page_Pricing  Plans for every developer  GitHub/h1_Get the complete developerplatform' are matched.

2023-09-18 15:48:19 - [MESSAGE][PASSED] - Actual text and expected text of test object 'Object Repository/Page_Pricing  Plans for every developer  GitHub/h1_Get the complete developerplatform' are matched.

2023-09-18 15:48:19 - [TEST_STEP][PASSED] - closeBrowser(): Browser is closed

2023-09-18 15:48:19 - [MESSAGE][PASSED] - Browser is closed]]></system-out>
         <system-err><![CDATA[]]></system-err>
      </testcase>
      <testcase name="Test Cases/Part2/TestCase19" time="4.795" classname="Test Cases/Part2/TestCase19" status="PASSED">
         <system-out><![CDATA[2023-09-18 15:48:19 - [TEST_CASE][PASSED] - Test Cases/Part2/TestCase19: Test Cases/Part2/TestCase19

2023-09-18 15:48:20 - [TEST_STEP][PASSED] - openBrowser(""): Browser is opened with url: ''

2023-09-18 15:48:20 - [MESSAGE][INFO] - Starting 'Chrome' driver

2023-09-18 15:48:20 - [MESSAGE][INFO] - Action delay is set to 0 milliseconds

2023-09-18 15:48:21 - [MESSAGE][PASSED] - Browser is opened with url: ''

2023-09-18 15:48:21 - [TEST_STEP][PASSED] - navigateToUrl("https://github.com/"): Navigate to 'https://github.com/' successfully

2023-09-18 15:48:23 - [MESSAGE][PASSED] - Navigate to 'https://github.com/' successfully

2023-09-18 15:48:23 - [TEST_STEP][PASSED] - closeBrowser(): Browser is closed

2023-09-18 15:48:24 - [MESSAGE][PASSED] - Browser is closed]]></system-out>
         <system-err><![CDATA[]]></system-err>
      </testcase>
      <testcase name="Test Cases/Part2/TestCase20" time="8.826" classname="Test Cases/Part2/TestCase20" status="PASSED">
         <system-out><![CDATA[2023-09-18 15:48:24 - [TEST_CASE][PASSED] - Test Cases/Part2/TestCase20: Test Cases/Part2/TestCase20

2023-09-18 15:48:25 - [TEST_STEP][PASSED] - openBrowser(""): Browser is opened with url: ''

2023-09-18 15:48:25 - [MESSAGE][INFO] - Starting 'Chrome' driver

2023-09-18 15:48:25 - [MESSAGE][INFO] - Action delay is set to 0 milliseconds

2023-09-18 15:48:26 - [MESSAGE][PASSED] - Browser is opened with url: ''

2023-09-18 15:48:26 - [TEST_STEP][PASSED] - navigateToUrl("https://github.com/"): Navigate to 'https://github.com/' successfully

2023-09-18 15:48:28 - [MESSAGE][PASSED] - Navigate to 'https://github.com/' successfully

2023-09-18 15:48:28 - [TEST_STEP][PASSED] - click(findTestObject("Object Repository/Page_GitHub Lets build from here  GitHub/svg_Product_octicon octicon-chevron-down He_c64722")): Object: 'Object Repository/Page_GitHub Lets build from here  GitHub/svg_Product_octicon octicon-chevron-down He_c64722' is clicked on

2023-09-18 15:48:29 - [MESSAGE][PASSED] - Object: 'Object Repository/Page_GitHub Lets build from here  GitHub/svg_Product_octicon octicon-chevron-down He_c64722' is clicked on

2023-09-18 15:48:29 - [TEST_STEP][PASSED] - click(findTestObject("Object Repository/Page_GitHub Lets build from here  GitHub/div_GitHub Sponsors        Fund open source_2bceb8")): Object: 'Object Repository/Page_GitHub Lets build from here  GitHub/div_GitHub Sponsors        Fund open source_2bceb8' is clicked on

2023-09-18 15:48:30 - [MESSAGE][PASSED] - Object: 'Object Repository/Page_GitHub Lets build from here  GitHub/div_GitHub Sponsors        Fund open source_2bceb8' is clicked on

2023-09-18 15:48:30 - [TEST_STEP][PASSED] - scrollToElement(findTestObject("Object Repository/Page_GitHub Sponsors  GitHub/h2_You depend on open source every day"), 0): Scroll to object 'Object Repository/Page_GitHub Sponsors  GitHub/h2_You depend on open source every day' successfully

2023-09-18 15:48:30 - [MESSAGE][WARNING] - Timeout '0' is invalid. Using default page load timeout: '30'

2023-09-18 15:48:32 - [MESSAGE][PASSED] - Scroll to object 'Object Repository/Page_GitHub Sponsors  GitHub/h2_You depend on open source every day' successfully

2023-09-18 15:48:32 - [TEST_STEP][PASSED] - verifyElementText(findTestObject("Object Repository/Page_GitHub Sponsors  GitHub/h2_You depend on open source every day"), "You depend on open source every day"): Actual text and expected text of test object 'Object Repository/Page_GitHub Sponsors  GitHub/h2_You depend on open source every day' are matched.

2023-09-18 15:48:32 - [MESSAGE][PASSED] - Actual text and expected text of test object 'Object Repository/Page_GitHub Sponsors  GitHub/h2_You depend on open source every day' are matched.

2023-09-18 15:48:32 - [TEST_STEP][PASSED] - closeBrowser(): Browser is closed

2023-09-18 15:48:33 - [MESSAGE][PASSED] - Browser is closed]]></system-out>
         <system-err><![CDATA[]]></system-err>
      </testcase>
      <testcase name="Test Cases/Part3/TestCase21" time="13.289" classname="Test Cases/Part3/TestCase21" status="PASSED">
         <system-out><![CDATA[2023-09-18 15:48:33 - [TEST_CASE][PASSED] - Test Cases/Part3/TestCase21: Test Cases/Part3/TestCase21

2023-09-18 15:48:33 - [TEST_STEP][PASSED] - openBrowser(""): Browser is opened with url: ''

2023-09-18 15:48:33 - [MESSAGE][INFO] - Starting 'Chrome' driver

2023-09-18 15:48:33 - [MESSAGE][INFO] - Action delay is set to 0 milliseconds

2023-09-18 15:48:35 - [MESSAGE][PASSED] - Browser is opened with url: ''

2023-09-18 15:48:35 - [TEST_STEP][PASSED] - maximizeWindow(): Current window maximized

2023-09-18 15:48:35 - [MESSAGE][PASSED] - Current window maximized

2023-09-18 15:48:35 - [TEST_STEP][PASSED] - navigateToUrl("https://spotify.design/"): Navigate to 'https://spotify.design/' successfully

2023-09-18 15:48:46 - [MESSAGE][PASSED] - Navigate to 'https://spotify.design/' successfully

2023-09-18 15:48:46 - [TEST_STEP][PASSED] - closeBrowser(): Browser is closed

2023-09-18 15:48:46 - [MESSAGE][PASSED] - Browser is closed]]></system-out>
         <system-err><![CDATA[]]></system-err>
      </testcase>
      <testcase name="Test Cases/Part3/TestCase22" time="21.7" classname="Test Cases/Part3/TestCase22" status="PASSED">
         <system-out><![CDATA[2023-09-18 15:48:46 - [TEST_CASE][PASSED] - Test Cases/Part3/TestCase22: Test Cases/Part3/TestCase22

2023-09-18 15:48:47 - [TEST_STEP][PASSED] - openBrowser(""): Browser is opened with url: ''

2023-09-18 15:48:47 - [MESSAGE][INFO] - Starting 'Chrome' driver

2023-09-18 15:48:47 - [MESSAGE][INFO] - Action delay is set to 0 milliseconds

2023-09-18 15:48:48 - [MESSAGE][PASSED] - Browser is opened with url: ''

2023-09-18 15:48:48 - [TEST_STEP][PASSED] - navigateToUrl("https://spotify.design/"): Navigate to 'https://spotify.design/' successfully

2023-09-18 15:49:03 - [MESSAGE][PASSED] - Navigate to 'https://spotify.design/' successfully

2023-09-18 15:49:03 - [TEST_STEP][PASSED] - click(findTestObject("Object Repository/Page_Home  Spotify Design/span_Stories")): Object: 'Object Repository/Page_Home  Spotify Design/span_Stories' is clicked on

2023-09-18 15:49:06 - [MESSAGE][PASSED] - Object: 'Object Repository/Page_Home  Spotify Design/span_Stories' is clicked on

2023-09-18 15:49:06 - [TEST_STEP][PASSED] - verifyElementPresent(findTestObject("Object Repository/Page_Stories  Spotify Design/span_Pick a category"), 0): Object 'Object Repository/Page_Stories  Spotify Design/span_Pick a category' is present

2023-09-18 15:49:06 - [MESSAGE][WARNING] - Timeout '0' is invalid. Using default page load timeout: '30'

2023-09-18 15:49:07 - [MESSAGE][PASSED] - Object 'Object Repository/Page_Stories  Spotify Design/span_Pick a category' is present

2023-09-18 15:49:07 - [TEST_STEP][PASSED] - closeBrowser(): Browser is closed

2023-09-18 15:49:08 - [MESSAGE][PASSED] - Browser is closed]]></system-out>
         <system-err><![CDATA[]]></system-err>
      </testcase>
      <testcase name="Test Cases/Part3/TestCase23" time="23.251" classname="Test Cases/Part3/TestCase23" status="PASSED">
         <system-out><![CDATA[2023-09-18 15:49:08 - [TEST_CASE][PASSED] - Test Cases/Part3/TestCase23: Test Cases/Part3/TestCase23

2023-09-18 15:49:08 - [TEST_STEP][PASSED] - openBrowser(""): Browser is opened with url: ''

2023-09-18 15:49:08 - [MESSAGE][INFO] - Starting 'Chrome' driver

2023-09-18 15:49:08 - [MESSAGE][INFO] - Action delay is set to 0 milliseconds

2023-09-18 15:49:10 - [MESSAGE][PASSED] - Browser is opened with url: ''

2023-09-18 15:49:10 - [TEST_STEP][PASSED] - maximizeWindow(): Current window maximized

2023-09-18 15:49:10 - [MESSAGE][PASSED] - Current window maximized

2023-09-18 15:49:10 - [TEST_STEP][PASSED] - navigateToUrl("https://spotify.design/"): Navigate to 'https://spotify.design/' successfully

2023-09-18 15:49:21 - [MESSAGE][PASSED] - Navigate to 'https://spotify.design/' successfully

2023-09-18 15:49:21 - [TEST_STEP][PASSED] - click(findTestObject("Object Repository/Page_Home  Spotify Design/span_Listen")): Object: 'Object Repository/Page_Home  Spotify Design/span_Listen' is clicked on

2023-09-18 15:49:25 - [MESSAGE][PASSED] - Object: 'Object Repository/Page_Home  Spotify Design/span_Listen' is clicked on

2023-09-18 15:49:25 - [TEST_STEP][PASSED] - scrollToElement(findTestObject("Object Repository/Page_Stories  Spotify Design/p_Playlists, podcasts, and other audio good_0e44eb"), 0): Scroll to object 'Object Repository/Page_Stories  Spotify Design/p_Playlists, podcasts, and other audio good_0e44eb' successfully

2023-09-18 15:49:25 - [MESSAGE][WARNING] - Timeout '0' is invalid. Using default page load timeout: '30'

2023-09-18 15:49:26 - [MESSAGE][PASSED] - Scroll to object 'Object Repository/Page_Stories  Spotify Design/p_Playlists, podcasts, and other audio good_0e44eb' successfully

2023-09-18 15:49:26 - [TEST_STEP][PASSED] - verifyElementText(findTestObject("Object Repository/Page_Stories  Spotify Design/p_Playlists, podcasts, and other audio good_0e44eb"), "Playlists, podcasts, and other audio goodness from our team."): Actual text and expected text of test object 'Object Repository/Page_Stories  Spotify Design/p_Playlists, podcasts, and other audio good_0e44eb' are matched.

2023-09-18 15:49:26 - [MESSAGE][PASSED] - Actual text and expected text of test object 'Object Repository/Page_Stories  Spotify Design/p_Playlists, podcasts, and other audio good_0e44eb' are matched.

2023-09-18 15:49:26 - [TEST_STEP][PASSED] - click(findTestObject("Object Repository/Page_Stories  Spotify Design/span_Folk")): Object: 'Object Repository/Page_Stories  Spotify Design/span_Folk' is clicked on

2023-09-18 15:49:27 - [MESSAGE][PASSED] - Object: 'Object Repository/Page_Stories  Spotify Design/span_Folk' is clicked on

2023-09-18 15:49:27 - [TEST_STEP][PASSED] - scrollToElement(findTestObject("Object Repository/Page_Stories  Spotify Design/a_Zoned 43"), 0): Scroll to object 'Object Repository/Page_Stories  Spotify Design/a_Zoned 43' successfully

2023-09-18 15:49:28 - [MESSAGE][WARNING] - Timeout '0' is invalid. Using default page load timeout: '30'

2023-09-18 15:49:28 - [MESSAGE][PASSED] - Scroll to object 'Object Repository/Page_Stories  Spotify Design/a_Zoned 43' successfully

2023-09-18 15:49:28 - [TEST_STEP][PASSED] - verifyElementPresent(findTestObject("Object Repository/Page_Stories  Spotify Design/a_Zoned 43"), 0): Object 'Object Repository/Page_Stories  Spotify Design/a_Zoned 43' is present

2023-09-18 15:49:29 - [MESSAGE][WARNING] - Timeout '0' is invalid. Using default page load timeout: '30'

2023-09-18 15:49:29 - [MESSAGE][PASSED] - Object 'Object Repository/Page_Stories  Spotify Design/a_Zoned 43' is present

2023-09-18 15:49:29 - [TEST_STEP][PASSED] - click(findTestObject("Object Repository/Page_Stories  Spotify Design/a_Zoned 43")): Object: 'Object Repository/Page_Stories  Spotify Design/a_Zoned 43' is clicked on

2023-09-18 15:49:30 - [MESSAGE][PASSED] - Object: 'Object Repository/Page_Stories  Spotify Design/a_Zoned 43' is clicked on

2023-09-18 15:49:30 - [TEST_STEP][PASSED] - closeBrowser(): Browser is closed

2023-09-18 15:49:31 - [MESSAGE][PASSED] - Browser is closed]]></system-out>
         <system-err><![CDATA[]]></system-err>
      </testcase>
      <testcase name="Test Cases/Part3/TestCase24" time="9.019" classname="Test Cases/Part3/TestCase24" status="PASSED">
         <system-out><![CDATA[2023-09-18 15:49:31 - [TEST_CASE][PASSED] - Test Cases/Part3/TestCase24: Test Cases/Part3/TestCase24

2023-09-18 15:49:32 - [TEST_STEP][PASSED] - openBrowser(""): Browser is opened with url: ''

2023-09-18 15:49:32 - [MESSAGE][INFO] - Starting 'Chrome' driver

2023-09-18 15:49:32 - [MESSAGE][INFO] - Action delay is set to 0 milliseconds

2023-09-18 15:49:34 - [MESSAGE][PASSED] - Browser is opened with url: ''

2023-09-18 15:49:34 - [TEST_STEP][PASSED] - maximizeWindow(): Current window maximized

2023-09-18 15:49:34 - [MESSAGE][PASSED] - Current window maximized

2023-09-18 15:49:34 - [TEST_STEP][PASSED] - navigateToUrl("https://github.com/"): Navigate to 'https://github.com/' successfully

2023-09-18 15:49:36 - [MESSAGE][PASSED] - Navigate to 'https://github.com/' successfully

2023-09-18 15:49:36 - [TEST_STEP][PASSED] - click(findTestObject("Object Repository/Page_GitHub Lets build from here  GitHub/a_Sign in")): Object: 'Object Repository/Page_GitHub Lets build from here  GitHub/a_Sign in' is clicked on

2023-09-18 15:49:38 - [MESSAGE][PASSED] - Object: 'Object Repository/Page_GitHub Lets build from here  GitHub/a_Sign in' is clicked on

2023-09-18 15:49:38 - [TEST_STEP][PASSED] - verifyElementText(findTestObject("Object Repository/Page_Sign in to GitHub  GitHub/h1_Sign in to GitHub"), "Sign in to GitHub"): Actual text and expected text of test object 'Object Repository/Page_Sign in to GitHub  GitHub/h1_Sign in to GitHub' are matched.

2023-09-18 15:49:40 - [MESSAGE][PASSED] - Actual text and expected text of test object 'Object Repository/Page_Sign in to GitHub  GitHub/h1_Sign in to GitHub' are matched.

2023-09-18 15:49:40 - [TEST_STEP][PASSED] - closeBrowser(): Browser is closed

2023-09-18 15:49:40 - [MESSAGE][PASSED] - Browser is closed]]></system-out>
         <system-err><![CDATA[]]></system-err>
      </testcase>
      <testcase name="Test Cases/Part3/TestCase25" time="9.037" classname="Test Cases/Part3/TestCase25" status="PASSED">
         <system-out><![CDATA[2023-09-18 15:49:40 - [TEST_CASE][PASSED] - Test Cases/Part3/TestCase25: Test Cases/Part3/TestCase25

2023-09-18 15:49:41 - [TEST_STEP][PASSED] - openBrowser(""): Browser is opened with url: ''

2023-09-18 15:49:41 - [MESSAGE][INFO] - Starting 'Chrome' driver

2023-09-18 15:49:41 - [MESSAGE][INFO] - Action delay is set to 0 milliseconds

2023-09-18 15:49:43 - [MESSAGE][PASSED] - Browser is opened with url: ''

2023-09-18 15:49:43 - [TEST_STEP][PASSED] - maximizeWindow(): Current window maximized

2023-09-18 15:49:43 - [MESSAGE][PASSED] - Current window maximized

2023-09-18 15:49:43 - [TEST_STEP][PASSED] - navigateToUrl("https://github.com/"): Navigate to 'https://github.com/' successfully

2023-09-18 15:49:45 - [MESSAGE][PASSED] - Navigate to 'https://github.com/' successfully

2023-09-18 15:49:45 - [TEST_STEP][PASSED] - click(findTestObject("Object Repository/Page_GitHub Lets build from here  GitHub/a_Sign in")): Object: 'Object Repository/Page_GitHub Lets build from here  GitHub/a_Sign in' is clicked on

2023-09-18 15:49:47 - [MESSAGE][PASSED] - Object: 'Object Repository/Page_GitHub Lets build from here  GitHub/a_Sign in' is clicked on

2023-09-18 15:49:47 - [TEST_STEP][PASSED] - verifyElementText(findTestObject("Object Repository/Page_Sign in to GitHub  GitHub/h1_Sign in to GitHub"), "Sign in to GitHub"): Actual text and expected text of test object 'Object Repository/Page_Sign in to GitHub  GitHub/h1_Sign in to GitHub' are matched.

2023-09-18 15:49:49 - [MESSAGE][PASSED] - Actual text and expected text of test object 'Object Repository/Page_Sign in to GitHub  GitHub/h1_Sign in to GitHub' are matched.

2023-09-18 15:49:49 - [TEST_STEP][PASSED] - closeBrowser(): Browser is closed

2023-09-18 15:49:49 - [MESSAGE][PASSED] - Browser is closed]]></system-out>
         <system-err><![CDATA[]]></system-err>
      </testcase>
      <testcase name="Test Cases/Part3/TestCase26" time="9.135" classname="Test Cases/Part3/TestCase26" status="PASSED">
         <system-out><![CDATA[2023-09-18 15:49:49 - [TEST_CASE][PASSED] - Test Cases/Part3/TestCase26: Test Cases/Part3/TestCase26

2023-09-18 15:49:50 - [TEST_STEP][PASSED] - openBrowser(""): Browser is opened with url: ''

2023-09-18 15:49:50 - [MESSAGE][INFO] - Starting 'Chrome' driver

2023-09-18 15:49:50 - [MESSAGE][INFO] - Action delay is set to 0 milliseconds

2023-09-18 15:49:52 - [MESSAGE][PASSED] - Browser is opened with url: ''

2023-09-18 15:49:52 - [TEST_STEP][PASSED] - maximizeWindow(): Current window maximized

2023-09-18 15:49:52 - [MESSAGE][PASSED] - Current window maximized

2023-09-18 15:49:52 - [TEST_STEP][PASSED] - navigateToUrl("https://github.com/"): Navigate to 'https://github.com/' successfully

2023-09-18 15:49:54 - [MESSAGE][PASSED] - Navigate to 'https://github.com/' successfully

2023-09-18 15:49:54 - [TEST_STEP][PASSED] - click(findTestObject("Object Repository/Page_GitHub Lets build from here  GitHub/a_Sign in")): Object: 'Object Repository/Page_GitHub Lets build from here  GitHub/a_Sign in' is clicked on

2023-09-18 15:49:56 - [MESSAGE][PASSED] - Object: 'Object Repository/Page_GitHub Lets build from here  GitHub/a_Sign in' is clicked on

2023-09-18 15:49:56 - [TEST_STEP][PASSED] - verifyElementText(findTestObject("Object Repository/Page_Sign in to GitHub  GitHub/h1_Sign in to GitHub"), "Sign in to GitHub"): Actual text and expected text of test object 'Object Repository/Page_Sign in to GitHub  GitHub/h1_Sign in to GitHub' are matched.

2023-09-18 15:49:58 - [MESSAGE][PASSED] - Actual text and expected text of test object 'Object Repository/Page_Sign in to GitHub  GitHub/h1_Sign in to GitHub' are matched.

2023-09-18 15:49:58 - [TEST_STEP][PASSED] - closeBrowser(): Browser is closed

2023-09-18 15:49:59 - [MESSAGE][PASSED] - Browser is closed]]></system-out>
         <system-err><![CDATA[]]></system-err>
      </testcase>
      <testcase name="Test Cases/Part3/TestCase27" time="8.839" classname="Test Cases/Part3/TestCase27" status="PASSED">
         <system-out><![CDATA[2023-09-18 15:49:59 - [TEST_CASE][PASSED] - Test Cases/Part3/TestCase27: Test Cases/Part3/TestCase27

2023-09-18 15:49:59 - [TEST_STEP][PASSED] - openBrowser(""): Browser is opened with url: ''

2023-09-18 15:49:59 - [MESSAGE][INFO] - Starting 'Chrome' driver

2023-09-18 15:49:59 - [MESSAGE][INFO] - Action delay is set to 0 milliseconds

2023-09-18 15:50:01 - [MESSAGE][PASSED] - Browser is opened with url: ''

2023-09-18 15:50:01 - [TEST_STEP][PASSED] - maximizeWindow(): Current window maximized

2023-09-18 15:50:01 - [MESSAGE][PASSED] - Current window maximized

2023-09-18 15:50:01 - [TEST_STEP][PASSED] - navigateToUrl("https://github.com/"): Navigate to 'https://github.com/' successfully

2023-09-18 15:50:04 - [MESSAGE][PASSED] - Navigate to 'https://github.com/' successfully

2023-09-18 15:50:04 - [TEST_STEP][PASSED] - click(findTestObject("Object Repository/Page_GitHub Lets build from here  GitHub/a_Sign in")): Object: 'Object Repository/Page_GitHub Lets build from here  GitHub/a_Sign in' is clicked on

2023-09-18 15:50:05 - [MESSAGE][PASSED] - Object: 'Object Repository/Page_GitHub Lets build from here  GitHub/a_Sign in' is clicked on

2023-09-18 15:50:05 - [TEST_STEP][PASSED] - verifyElementText(findTestObject("Object Repository/Page_Sign in to GitHub  GitHub/h1_Sign in to GitHub"), "Sign in to GitHub"): Actual text and expected text of test object 'Object Repository/Page_Sign in to GitHub  GitHub/h1_Sign in to GitHub' are matched.

2023-09-18 15:50:07 - [MESSAGE][PASSED] - Actual text and expected text of test object 'Object Repository/Page_Sign in to GitHub  GitHub/h1_Sign in to GitHub' are matched.

2023-09-18 15:50:07 - [TEST_STEP][PASSED] - closeBrowser(): Browser is closed

2023-09-18 15:50:07 - [MESSAGE][PASSED] - Browser is closed]]></system-out>
         <system-err><![CDATA[]]></system-err>
      </testcase>
      <testcase name="Test Cases/Part3/TestCase28" time="8.156" classname="Test Cases/Part3/TestCase28" status="PASSED">
         <system-out><![CDATA[2023-09-18 15:50:07 - [TEST_CASE][PASSED] - Test Cases/Part3/TestCase28: Test Cases/Part3/TestCase28

2023-09-18 15:50:08 - [TEST_STEP][PASSED] - openBrowser(""): Browser is opened with url: ''

2023-09-18 15:50:08 - [MESSAGE][INFO] - Starting 'Chrome' driver

2023-09-18 15:50:08 - [MESSAGE][INFO] - Action delay is set to 0 milliseconds

2023-09-18 15:50:09 - [MESSAGE][PASSED] - Browser is opened with url: ''

2023-09-18 15:50:09 - [TEST_STEP][PASSED] - maximizeWindow(): Current window maximized

2023-09-18 15:50:09 - [MESSAGE][PASSED] - Current window maximized

2023-09-18 15:50:09 - [TEST_STEP][PASSED] - navigateToUrl("https://github.com/"): Navigate to 'https://github.com/' successfully

2023-09-18 15:50:12 - [MESSAGE][PASSED] - Navigate to 'https://github.com/' successfully

2023-09-18 15:50:12 - [TEST_STEP][PASSED] - click(findTestObject("Object Repository/Page_GitHub Lets build from here  GitHub/a_Sign in")): Object: 'Object Repository/Page_GitHub Lets build from here  GitHub/a_Sign in' is clicked on

2023-09-18 15:50:13 - [MESSAGE][PASSED] - Object: 'Object Repository/Page_GitHub Lets build from here  GitHub/a_Sign in' is clicked on

2023-09-18 15:50:13 - [TEST_STEP][PASSED] - verifyElementText(findTestObject("Object Repository/Page_Sign in to GitHub  GitHub/h1_Sign in to GitHub"), "Sign in to GitHub"): Actual text and expected text of test object 'Object Repository/Page_Sign in to GitHub  GitHub/h1_Sign in to GitHub' are matched.

2023-09-18 15:50:15 - [MESSAGE][PASSED] - Actual text and expected text of test object 'Object Repository/Page_Sign in to GitHub  GitHub/h1_Sign in to GitHub' are matched.

2023-09-18 15:50:15 - [TEST_STEP][PASSED] - closeBrowser(): Browser is closed

2023-09-18 15:50:16 - [MESSAGE][PASSED] - Browser is closed]]></system-out>
         <system-err><![CDATA[]]></system-err>
      </testcase>
      <testcase name="Test Cases/Part3/TestCase29" time="8.327" classname="Test Cases/Part3/TestCase29" status="PASSED">
         <system-out><![CDATA[2023-09-18 15:50:16 - [TEST_CASE][PASSED] - Test Cases/Part3/TestCase29: Test Cases/Part3/TestCase29

2023-09-18 15:50:16 - [TEST_STEP][PASSED] - openBrowser(""): Browser is opened with url: ''

2023-09-18 15:50:16 - [MESSAGE][INFO] - Starting 'Chrome' driver

2023-09-18 15:50:16 - [MESSAGE][INFO] - Action delay is set to 0 milliseconds

2023-09-18 15:50:17 - [MESSAGE][PASSED] - Browser is opened with url: ''

2023-09-18 15:50:17 - [TEST_STEP][PASSED] - maximizeWindow(): Current window maximized

2023-09-18 15:50:17 - [MESSAGE][PASSED] - Current window maximized

2023-09-18 15:50:17 - [TEST_STEP][PASSED] - navigateToUrl("https://github.com/"): Navigate to 'https://github.com/' successfully

2023-09-18 15:50:20 - [MESSAGE][PASSED] - Navigate to 'https://github.com/' successfully

2023-09-18 15:50:20 - [TEST_STEP][PASSED] - click(findTestObject("Object Repository/Page_GitHub Lets build from here  GitHub/a_Sign in")): Object: 'Object Repository/Page_GitHub Lets build from here  GitHub/a_Sign in' is clicked on

2023-09-18 15:50:21 - [MESSAGE][PASSED] - Object: 'Object Repository/Page_GitHub Lets build from here  GitHub/a_Sign in' is clicked on

2023-09-18 15:50:21 - [TEST_STEP][PASSED] - verifyElementText(findTestObject("Object Repository/Page_Sign in to GitHub  GitHub/h1_Sign in to GitHub"), "Sign in to GitHub"): Actual text and expected text of test object 'Object Repository/Page_Sign in to GitHub  GitHub/h1_Sign in to GitHub' are matched.

2023-09-18 15:50:23 - [MESSAGE][PASSED] - Actual text and expected text of test object 'Object Repository/Page_Sign in to GitHub  GitHub/h1_Sign in to GitHub' are matched.

2023-09-18 15:50:23 - [TEST_STEP][PASSED] - closeBrowser(): Browser is closed

2023-09-18 15:50:24 - [MESSAGE][PASSED] - Browser is closed]]></system-out>
         <system-err><![CDATA[]]></system-err>
      </testcase>
      <testcase name="Test Cases/Part3/TestCase30" time="8.512" classname="Test Cases/Part3/TestCase30" status="PASSED">
         <system-out><![CDATA[2023-09-18 15:50:24 - [TEST_CASE][PASSED] - Test Cases/Part3/TestCase30: Test Cases/Part3/TestCase30

2023-09-18 15:50:24 - [TEST_STEP][PASSED] - openBrowser(""): Browser is opened with url: ''

2023-09-18 15:50:24 - [MESSAGE][INFO] - Starting 'Chrome' driver

2023-09-18 15:50:24 - [MESSAGE][INFO] - Action delay is set to 0 milliseconds

2023-09-18 15:50:26 - [MESSAGE][PASSED] - Browser is opened with url: ''

2023-09-18 15:50:26 - [TEST_STEP][PASSED] - maximizeWindow(): Current window maximized

2023-09-18 15:50:26 - [MESSAGE][PASSED] - Current window maximized

2023-09-18 15:50:26 - [TEST_STEP][PASSED] - navigateToUrl("https://github.com/"): Navigate to 'https://github.com/' successfully

2023-09-18 15:50:28 - [MESSAGE][PASSED] - Navigate to 'https://github.com/' successfully

2023-09-18 15:50:28 - [TEST_STEP][PASSED] - click(findTestObject("Object Repository/Page_GitHub Lets build from here  GitHub/a_Sign in")): Object: 'Object Repository/Page_GitHub Lets build from here  GitHub/a_Sign in' is clicked on

2023-09-18 15:50:30 - [MESSAGE][PASSED] - Object: 'Object Repository/Page_GitHub Lets build from here  GitHub/a_Sign in' is clicked on

2023-09-18 15:50:30 - [TEST_STEP][PASSED] - verifyElementText(findTestObject("Object Repository/Page_Sign in to GitHub  GitHub/h1_Sign in to GitHub"), "Sign in to GitHub"): Actual text and expected text of test object 'Object Repository/Page_Sign in to GitHub  GitHub/h1_Sign in to GitHub' are matched.

2023-09-18 15:50:32 - [MESSAGE][PASSED] - Actual text and expected text of test object 'Object Repository/Page_Sign in to GitHub  GitHub/h1_Sign in to GitHub' are matched.

2023-09-18 15:50:32 - [TEST_STEP][PASSED] - closeBrowser(): Browser is closed

2023-09-18 15:50:32 - [MESSAGE][PASSED] - Browser is closed]]></system-out>
         <system-err><![CDATA[]]></system-err>
      </testcase>
      <system-out><![CDATA[2023-09-18 15:43:09 - [TEST_SUITE][PASSED] - First Test Suite: Test Cases/Part3/TestCase30]]></system-out>
      <system-err><![CDATA[]]></system-err>
   </testsuite>
</testsuites>
